> Task :compileJava
> Task :processResources UP-TO-DATE
> Task :classes

> Task :runOracle
================================================
Running Oracle Liquibase Example
================================================
Liquibase Version: 4.29.2
Database URL: jdbc:oracle:thin:@localhost:1521/ban83
Database Driver: oracle.jdbc.OracleDriver
================================================
Starting test for CommandScope method with Parameters upgradedemo testChangeset
2026-01-29 11:59:52.020 DEBUG l.s.StandardServiceLocator - Loaded liquibase.servicelocator.ServiceLocator instance liquibase.servicelocator.StandardServiceLocator
================================================
Liquibase Version: 4.29.2
================================================
Start time is 2026-01-29 11:59:52:022
Start test liquibase Scope 3 test changeset with parameters
2026-01-29 11:59:56.460 DEBUG DatabaseUtility - Database connection is set up.
2026-01-29 11:59:56.497 DEBUG DatabaseUtility - Test connection good 2026-JAN-29 16:59:56
2026-01-29 11:59:56.498 DEBUG DatabaseUtility - Step 1 set up connection is complete
2026-01-29 11:59:56.505 DEBUG DatabaseUtility - Removed the bonus record we create
2026-01-29 11:59:56.509 DEBUG DatabaseUtility - Remove the databasechangelog record we created
2026-01-29 11:59:56.510 DEBUG DatabaseUtility - Commit the deletes
Found results? false Job=null ChangesetId=null
Found results? false Job=null ChangesetId=null
2026-01-29 11:59:56.523 DEBUG LiquibaseScopeExample - Records were removed for example
2026-01-29 11:59:56.528 DEBUG l.s.StandardServiceLocator - Loaded liquibase.database.Database instance liquibase.database.core.CockroachDatabase
2026-01-29 11:59:56.529 DEBUG l.s.StandardServiceLocator - Loaded liquibase.database.Database instance liquibase.database.core.DB2Database
2026-01-29 11:59:56.529 DEBUG l.s.StandardServiceLocator - Loaded liquibase.database.Database instance liquibase.database.core.Db2zDatabase
2026-01-29 11:59:56.530 DEBUG l.s.StandardServiceLocator - Loaded liquibase.database.Database instance liquibase.database.core.DerbyDatabase
2026-01-29 11:59:56.530 DEBUG l.s.StandardServiceLocator - Loaded liquibase.database.Database instance liquibase.database.core.EnterpriseDBDatabase
2026-01-29 11:59:56.530 DEBUG l.s.StandardServiceLocator - Loaded liquibase.database.Database instance liquibase.database.core.FirebirdDatabase
2026-01-29 11:59:56.530 DEBUG l.s.StandardServiceLocator - Loaded liquibase.database.Database instance liquibase.database.core.H2Database
2026-01-29 11:59:56.531 DEBUG l.s.StandardServiceLocator - Loaded liquibase.database.Database instance liquibase.database.core.HsqlDatabase
2026-01-29 11:59:56.531 DEBUG l.s.StandardServiceLocator - Loaded liquibase.database.Database instance liquibase.database.core.InformixDatabase
2026-01-29 11:59:56.531 DEBUG l.s.StandardServiceLocator - Loaded liquibase.database.Database instance liquibase.database.core.Ingres9Database
2026-01-29 11:59:56.532 DEBUG l.s.StandardServiceLocator - Loaded liquibase.database.Database instance liquibase.database.core.MSSQLDatabase
2026-01-29 11:59:56.533 DEBUG l.s.StandardServiceLocator - Loaded liquibase.database.Database instance liquibase.database.core.MariaDBDatabase
2026-01-29 11:59:56.533 DEBUG l.s.StandardServiceLocator - Loaded liquibase.database.Database instance liquibase.database.core.MockDatabase
2026-01-29 11:59:56.533 DEBUG l.s.StandardServiceLocator - Loaded liquibase.database.Database instance liquibase.database.core.MySQLDatabase
2026-01-29 11:59:56.535 DEBUG l.s.StandardServiceLocator - Loaded liquibase.database.Database instance liquibase.database.core.OracleDatabase
2026-01-29 11:59:56.535 DEBUG l.s.StandardServiceLocator - Loaded liquibase.database.Database instance liquibase.database.core.PostgresDatabase
2026-01-29 11:59:56.535 DEBUG l.s.StandardServiceLocator - Loaded liquibase.database.Database instance liquibase.database.core.SQLiteDatabase
2026-01-29 11:59:56.535 DEBUG l.s.StandardServiceLocator - Loaded liquibase.database.Database instance liquibase.database.core.SybaseASADatabase
2026-01-29 11:59:56.535 DEBUG l.s.StandardServiceLocator - Loaded liquibase.database.Database instance liquibase.database.core.SybaseDatabase
2026-01-29 11:59:56.536 DEBUG l.s.StandardServiceLocator - Loaded liquibase.database.Database instance liquibase.database.core.UnsupportedDatabase
2026-01-29 11:59:56.536 DEBUG l.s.StandardServiceLocator - Loaded liquibase.database.Database instance liquibase.database.core.SnowflakeDatabase
2026-01-29 11:59:56.537 DEBUG l.s.StandardServiceLocator - Loaded liquibase.database.jvm.ConnectionPatterns instance liquibase.database.jvm.JdbcConnectionPatterns
2026-01-29 11:59:56.563 DEBUG l.c.LiquibaseConfiguration - No configuration value for liquibase.ddlLockTimeout aka ddl_lock_timeout aka liquibase.ddlLockTimeout aka liquibase.ddl_lock_timeout found
2026-01-29 11:59:56.564 DEBUG l.database.core.OracleDatabase - Connected to ELLMASTER@jdbc:oracle:thin:@localhost:1521/ban83
2026-01-29 11:59:56.564 DEBUG l.database.core.OracleDatabase - Setting auto commit to false from true
2026-01-29 11:59:56.565 DEBUG l.c.LiquibaseConfiguration - No configuration value for liquibase.preserveSchemaCase found
2026-01-29 11:59:56.565 DEBUG l.c.ConfigurationDefinition - Configuration liquibase.preserveSchemaCase is using the default value of false
2026-01-29 11:59:56.569 DEBUG l.database.core.OracleDatabase - Connected to ELLMASTER@jdbc:oracle:thin:@localhost:1521/ban83
2026-01-29 11:59:56.569 DEBUG l.database.core.OracleDatabase - Not adjusting the auto commit mode; it is already false
2026-01-29 11:59:56.571 DEBUG l.s.StandardServiceLocator - Loaded liquibase.executor.Executor instance liquibase.executor.jvm.JdbcExecutor
2026-01-29 11:59:56.571 DEBUG l.s.StandardServiceLocator - Loaded liquibase.executor.Executor instance liquibase.executor.jvm.SnowflakeJdbcExecutor
2026-01-29 11:59:56.573 DEBUG DatabaseUtility - Test Liq database connection good 2026-JAN-29 16:59:56
2026-01-29 11:59:56.573 DEBUG DatabaseUtility - Step 1a test Liq connection is complete
2026-01-29 11:59:56.573 DEBUG LiquibaseScopeExample - Liquibase Database is set up.
2026-01-29 11:59:56.575 DEBUG l.c.LiquibaseConfiguration - No configuration value for liquibase.databaseChangelogLockTableName aka liquibase.databaseChangeLogLockTableName found
2026-01-29 11:59:56.575 DEBUG l.c.ConfigurationDefinition - Configuration liquibase.databaseChangelogLockTableName is using the default value of DATABASECHANGELOGLOCK
2026-01-29 11:59:56.575 DEBUG l.c.LiquibaseConfiguration - No configuration value for liquibase.databaseChangelogTableName aka liquibase.databaseChangeLogTableName found
2026-01-29 11:59:56.575 DEBUG l.c.ConfigurationDefinition - Configuration liquibase.databaseChangelogTableName is using the default value of DATABASECHANGELOG
2026-01-29 11:59:56.576 DEBUG l.c.LiquibaseConfiguration - No configuration value for liquibase.supportPropertyEscaping aka enableEscaping found
2026-01-29 11:59:56.576 DEBUG l.c.ConfigurationDefinition - Configuration liquibase.supportPropertyEscaping is using the default value of false
2026-01-29 11:59:56.577 DEBUG l.resource.DirectoryResourceAccessor - Creating resourceAccessor for directory /Users/mhockett/liquibase/liquibase_java_example/testChangeset
2026-01-29 11:59:56.577 DEBUG l.c.LiquibaseConfiguration - No configuration value for liquibase.searchPath found
2026-01-29 11:59:56.577 DEBUG l.r.SearchPathResourceAccessor - Overall search path: 
  - /Users/mhockett/liquibase/liquibase_java_example/testChangeset
2026-01-29 11:59:56.577 DEBUG LiquibaseScopeExample - Set up class loader is complete
2026-01-29 11:59:56.585 DEBUG l.s.StandardServiceLocator - Loaded liquibase.command.CommandStep instance liquibase.command.core.CalculateChecksumCommandStep
2026-01-29 11:59:56.585 DEBUG l.s.StandardServiceLocator - Loaded liquibase.command.CommandStep instance liquibase.command.core.ChangelogSyncCommandStep
2026-01-29 11:59:56.586 DEBUG l.s.StandardServiceLocator - Loaded liquibase.command.CommandStep instance liquibase.command.core.ChangelogSyncSqlCommandStep
2026-01-29 11:59:56.586 DEBUG l.s.StandardServiceLocator - Loaded liquibase.command.CommandStep instance liquibase.command.core.ChangelogSyncToTagCommandStep
2026-01-29 11:59:56.586 DEBUG l.s.StandardServiceLocator - Loaded liquibase.command.CommandStep instance liquibase.command.core.ChangelogSyncToTagSqlCommandStep
2026-01-29 11:59:56.586 DEBUG l.s.StandardServiceLocator - Loaded liquibase.command.CommandStep instance liquibase.command.core.ClearChecksumsCommandStep
2026-01-29 11:59:56.586 DEBUG l.s.StandardServiceLocator - Loaded liquibase.command.CommandStep instance liquibase.command.core.DbDocCommandStep
2026-01-29 11:59:56.589 DEBUG l.s.StandardServiceLocator - Loaded liquibase.change.Change instance liquibase.change.core.AddAutoIncrementChange
2026-01-29 11:59:56.590 DEBUG l.s.StandardServiceLocator - Loaded liquibase.change.Change instance liquibase.change.core.AddColumnChange
2026-01-29 11:59:56.591 DEBUG l.s.StandardServiceLocator - Loaded liquibase.change.Change instance liquibase.change.core.AddDefaultValueChange
2026-01-29 11:59:56.591 DEBUG l.s.StandardServiceLocator - Loaded liquibase.change.Change instance liquibase.change.core.AddForeignKeyConstraintChange
2026-01-29 11:59:56.591 DEBUG l.s.StandardServiceLocator - Loaded liquibase.change.Change instance liquibase.change.core.AddLookupTableChange
2026-01-29 11:59:56.592 DEBUG l.s.StandardServiceLocator - Loaded liquibase.change.Change instance liquibase.change.core.AddNotNullConstraintChange
2026-01-29 11:59:56.592 DEBUG l.s.StandardServiceLocator - Loaded liquibase.change.Change instance liquibase.change.core.AddPrimaryKeyChange
2026-01-29 11:59:56.592 DEBUG l.s.StandardServiceLocator - Loaded liquibase.change.Change instance liquibase.change.core.AddUniqueConstraintChange
2026-01-29 11:59:56.592 DEBUG l.s.StandardServiceLocator - Loaded liquibase.change.Change instance liquibase.change.core.AlterSequenceChange
2026-01-29 11:59:56.592 DEBUG l.s.StandardServiceLocator - Loaded liquibase.change.Change instance liquibase.change.core.CreateIndexChange
2026-01-29 11:59:56.593 DEBUG l.s.StandardServiceLocator - Loaded liquibase.change.Change instance liquibase.change.core.CreateProcedureChange
2026-01-29 11:59:56.593 DEBUG l.s.StandardServiceLocator - Loaded liquibase.change.Change instance liquibase.change.core.CreateSequenceChange
2026-01-29 11:59:56.593 DEBUG l.s.StandardServiceLocator - Loaded liquibase.change.Change instance liquibase.change.core.CreateTableChange
2026-01-29 11:59:56.594 DEBUG l.s.StandardServiceLocator - Loaded liquibase.change.Change instance liquibase.change.core.CreateViewChange
2026-01-29 11:59:56.594 DEBUG l.s.StandardServiceLocator - Loaded liquibase.change.Change instance liquibase.change.core.DeleteDataChange
2026-01-29 11:59:56.594 DEBUG l.s.StandardServiceLocator - Loaded liquibase.change.Change instance liquibase.change.core.DropAllForeignKeyConstraintsChange
2026-01-29 11:59:56.594 DEBUG l.s.StandardServiceLocator - Loaded liquibase.change.Change instance liquibase.change.core.DropColumnChange
2026-01-29 11:59:56.594 DEBUG l.s.StandardServiceLocator - Loaded liquibase.change.Change instance liquibase.change.core.DropDefaultValueChange
2026-01-29 11:59:56.594 DEBUG l.s.StandardServiceLocator - Loaded liquibase.change.Change instance liquibase.change.core.DropForeignKeyConstraintChange
2026-01-29 11:59:56.595 DEBUG l.s.StandardServiceLocator - Loaded liquibase.change.Change instance liquibase.change.core.DropIndexChange
2026-01-29 11:59:56.595 DEBUG l.s.StandardServiceLocator - Loaded liquibase.change.Change instance liquibase.change.core.DropNotNullConstraintChange
2026-01-29 11:59:56.595 DEBUG l.s.StandardServiceLocator - Loaded liquibase.change.Change instance liquibase.change.core.DropPrimaryKeyChange
2026-01-29 11:59:56.595 DEBUG l.s.StandardServiceLocator - Loaded liquibase.change.Change instance liquibase.change.core.DropProcedureChange
2026-01-29 11:59:56.595 DEBUG l.s.StandardServiceLocator - Loaded liquibase.change.Change instance liquibase.change.core.DropSequenceChange
2026-01-29 11:59:56.595 DEBUG l.s.StandardServiceLocator - Loaded liquibase.change.Change instance liquibase.change.core.DropTableChange
2026-01-29 11:59:56.595 DEBUG l.s.StandardServiceLocator - Loaded liquibase.change.Change instance liquibase.change.core.DropUniqueConstraintChange
2026-01-29 11:59:56.595 DEBUG l.s.StandardServiceLocator - Loaded liquibase.change.Change instance liquibase.change.core.DropViewChange
2026-01-29 11:59:56.595 DEBUG l.s.StandardServiceLocator - Loaded liquibase.change.Change instance liquibase.change.core.EmptyChange
2026-01-29 11:59:56.596 DEBUG l.s.StandardServiceLocator - Loaded liquibase.change.Change instance liquibase.change.core.ExecuteShellCommandChange
2026-01-29 11:59:56.596 DEBUG l.s.StandardServiceLocator - Loaded liquibase.change.Change instance liquibase.change.core.InsertDataChange
2026-01-29 11:59:56.598 DEBUG l.s.StandardServiceLocator - Loaded liquibase.change.Change instance liquibase.change.core.LoadDataChange
2026-01-29 11:59:56.598 DEBUG l.s.StandardServiceLocator - Loaded liquibase.change.Change instance liquibase.change.core.LoadUpdateDataChange
2026-01-29 11:59:56.598 DEBUG l.s.StandardServiceLocator - Loaded liquibase.change.Change instance liquibase.change.core.MergeColumnChange
2026-01-29 11:59:56.598 DEBUG l.s.StandardServiceLocator - Loaded liquibase.change.Change instance liquibase.change.core.ModifyDataTypeChange
2026-01-29 11:59:56.598 DEBUG l.s.StandardServiceLocator - Loaded liquibase.change.Change instance liquibase.change.core.OutputChange
2026-01-29 11:59:56.599 DEBUG l.s.StandardServiceLocator - Loaded liquibase.change.Change instance liquibase.change.core.RawSQLChange
2026-01-29 11:59:56.599 DEBUG l.s.StandardServiceLocator - Loaded liquibase.change.Change instance liquibase.change.core.RenameColumnChange
2026-01-29 11:59:56.599 DEBUG l.s.StandardServiceLocator - Loaded liquibase.change.Change instance liquibase.change.core.RenameSequenceChange
2026-01-29 11:59:56.599 DEBUG l.s.StandardServiceLocator - Loaded liquibase.change.Change instance liquibase.change.core.RenameTableChange
2026-01-29 11:59:56.599 DEBUG l.s.StandardServiceLocator - Loaded liquibase.change.Change instance liquibase.change.core.RenameViewChange
2026-01-29 11:59:56.599 DEBUG l.s.StandardServiceLocator - Loaded liquibase.change.Change instance liquibase.change.core.SQLFileChange
2026-01-29 11:59:56.599 DEBUG l.s.StandardServiceLocator - Loaded liquibase.change.Change instance liquibase.change.core.SetColumnRemarksChange
2026-01-29 11:59:56.600 DEBUG l.s.StandardServiceLocator - Loaded liquibase.change.Change instance liquibase.change.core.SetTableRemarksChange
2026-01-29 11:59:56.600 DEBUG l.s.StandardServiceLocator - Loaded liquibase.change.Change instance liquibase.change.core.StopChange
2026-01-29 11:59:56.600 DEBUG l.s.StandardServiceLocator - Loaded liquibase.change.Change instance liquibase.change.core.TagDatabaseChange
2026-01-29 11:59:56.600 DEBUG l.s.StandardServiceLocator - Loaded liquibase.change.Change instance liquibase.change.core.UpdateDataChange
2026-01-29 11:59:56.600 DEBUG l.s.StandardServiceLocator - Loaded liquibase.change.Change instance liquibase.change.custom.CustomChangeWrapper
2026-01-29 11:59:56.644 DEBUG l.s.StandardServiceLocator - Loaded liquibase.command.CommandStep instance liquibase.command.core.DiffChangelogCommandStep
2026-01-29 11:59:56.648 DEBUG l.s.StandardServiceLocator - Loaded liquibase.command.CommandStep instance liquibase.command.core.DiffCommandStep
2026-01-29 11:59:56.648 DEBUG l.s.StandardServiceLocator - Loaded liquibase.command.CommandStep instance liquibase.command.core.DropAllCommandStep
2026-01-29 11:59:56.648 DEBUG l.s.StandardServiceLocator - Loaded liquibase.command.CommandStep instance liquibase.command.core.ExecuteSqlCommandStep
2026-01-29 11:59:56.649 DEBUG l.s.StandardServiceLocator - Loaded liquibase.command.CommandStep instance liquibase.command.core.FutureRollbackCountSqlCommandStep
2026-01-29 11:59:56.649 DEBUG l.s.StandardServiceLocator - Loaded liquibase.command.CommandStep instance liquibase.command.core.FutureRollbackFromTagSqlCommandStep
2026-01-29 11:59:56.649 DEBUG l.s.StandardServiceLocator - Loaded liquibase.command.CommandStep instance liquibase.command.core.FutureRollbackSqlCommandStep
2026-01-29 11:59:56.650 DEBUG l.s.StandardServiceLocator - Loaded liquibase.command.CommandStep instance liquibase.command.core.GenerateChangelogCommandStep
2026-01-29 11:59:56.650 DEBUG l.s.StandardServiceLocator - Loaded liquibase.command.CommandStep instance liquibase.command.core.HistoryCommandStep
2026-01-29 11:59:56.651 DEBUG l.s.StandardServiceLocator - Loaded liquibase.command.CommandStep instance liquibase.command.core.InternalSnapshotCommandStep
2026-01-29 11:59:56.651 DEBUG l.s.StandardServiceLocator - Loaded liquibase.command.CommandStep instance liquibase.command.core.ListLocksCommandStep
2026-01-29 11:59:56.651 DEBUG l.s.StandardServiceLocator - Loaded liquibase.command.CommandStep instance liquibase.command.core.MarkNextChangesetRanCommandStep
2026-01-29 11:59:56.651 DEBUG l.s.StandardServiceLocator - Loaded liquibase.command.CommandStep instance liquibase.command.core.MarkNextChangesetRanSqlCommandStep
2026-01-29 11:59:56.651 DEBUG l.s.StandardServiceLocator - Loaded liquibase.command.CommandStep instance liquibase.command.core.ReleaseLocksCommandStep
2026-01-29 11:59:56.652 DEBUG l.s.StandardServiceLocator - Loaded liquibase.command.CommandStep instance liquibase.command.core.RollbackCommandStep
2026-01-29 11:59:56.652 DEBUG l.s.StandardServiceLocator - Loaded liquibase.command.CommandStep instance liquibase.command.core.RollbackCountCommandStep
2026-01-29 11:59:56.652 DEBUG l.s.StandardServiceLocator - Loaded liquibase.command.CommandStep instance liquibase.command.core.RollbackCountSqlCommandStep
2026-01-29 11:59:56.652 DEBUG l.s.StandardServiceLocator - Loaded liquibase.command.CommandStep instance liquibase.command.core.RollbackSqlCommandStep
2026-01-29 11:59:56.652 DEBUG l.s.StandardServiceLocator - Loaded liquibase.command.CommandStep instance liquibase.command.core.RollbackToDateCommandStep
2026-01-29 11:59:56.653 DEBUG l.s.StandardServiceLocator - Loaded liquibase.command.CommandStep instance liquibase.command.core.RollbackToDateSqlCommandStep
2026-01-29 11:59:56.653 DEBUG l.s.StandardServiceLocator - Loaded liquibase.command.CommandStep instance liquibase.command.core.SnapshotCommandStep
2026-01-29 11:59:56.653 DEBUG l.s.StandardServiceLocator - Loaded liquibase.command.CommandStep instance liquibase.command.core.SnapshotReferenceCommandStep
2026-01-29 11:59:56.653 DEBUG l.s.StandardServiceLocator - Loaded liquibase.command.CommandStep instance liquibase.command.core.StartH2CommandStep
2026-01-29 11:59:56.653 DEBUG l.s.StandardServiceLocator - Loaded liquibase.command.CommandStep instance liquibase.command.core.StatusCommandStep
2026-01-29 11:59:56.654 DEBUG l.s.StandardServiceLocator - Loaded liquibase.command.CommandStep instance liquibase.command.core.StopH2CommandStep
2026-01-29 11:59:56.654 DEBUG l.s.StandardServiceLocator - Loaded liquibase.command.CommandStep instance liquibase.command.core.TagCommandStep
2026-01-29 11:59:56.654 DEBUG l.s.StandardServiceLocator - Loaded liquibase.command.CommandStep instance liquibase.command.core.TagExistsCommandStep
2026-01-29 11:59:56.654 DEBUG l.s.StandardServiceLocator - Loaded liquibase.command.CommandStep instance liquibase.command.core.UnexpectedChangesetsCommandStep
2026-01-29 11:59:56.654 DEBUG l.s.StandardServiceLocator - Loaded liquibase.command.CommandStep instance liquibase.command.core.UpdateCommandStep
2026-01-29 11:59:56.654 DEBUG l.s.StandardServiceLocator - Loaded liquibase.command.CommandStep instance liquibase.command.core.UpdateCountCommandStep
2026-01-29 11:59:56.654 DEBUG l.s.StandardServiceLocator - Loaded liquibase.command.CommandStep instance liquibase.command.core.UpdateCountSqlCommandStep
2026-01-29 11:59:56.654 DEBUG l.s.StandardServiceLocator - Loaded liquibase.command.CommandStep instance liquibase.command.core.UpdateSqlCommandStep
2026-01-29 11:59:56.654 DEBUG l.s.StandardServiceLocator - Loaded liquibase.command.CommandStep instance liquibase.command.core.UpdateTestingRollbackCommandStep
2026-01-29 11:59:56.655 DEBUG l.s.StandardServiceLocator - Loaded liquibase.command.CommandStep instance liquibase.command.core.UpdateToTagCommandStep
2026-01-29 11:59:56.655 DEBUG l.s.StandardServiceLocator - Loaded liquibase.command.CommandStep instance liquibase.command.core.UpdateToTagSqlCommandStep
2026-01-29 11:59:56.655 DEBUG l.s.StandardServiceLocator - Loaded liquibase.command.CommandStep instance liquibase.command.core.ValidateCommandStep
2026-01-29 11:59:56.655 DEBUG l.s.StandardServiceLocator - Loaded liquibase.command.CommandStep instance liquibase.command.core.helpers.ChangeExecListenerCommandStep
2026-01-29 11:59:56.655 DEBUG l.s.StandardServiceLocator - Loaded liquibase.command.CommandStep instance liquibase.command.core.helpers.DatabaseChangelogCommandStep
2026-01-29 11:59:56.655 DEBUG l.s.StandardServiceLocator - Loaded liquibase.command.CommandStep instance liquibase.command.core.helpers.DbUrlConnectionArgumentsCommandStep
2026-01-29 11:59:56.656 DEBUG l.s.StandardServiceLocator - Loaded liquibase.command.CommandStep instance liquibase.command.core.helpers.DbUrlConnectionCommandStep
2026-01-29 11:59:56.656 DEBUG l.s.StandardServiceLocator - Loaded liquibase.command.CommandStep instance liquibase.command.core.helpers.DiffOutputControlCommandStep
2026-01-29 11:59:56.656 DEBUG l.s.StandardServiceLocator - Loaded liquibase.command.CommandStep instance liquibase.command.core.helpers.LockServiceCommandStep
2026-01-29 11:59:56.656 DEBUG l.s.StandardServiceLocator - Loaded liquibase.command.CommandStep instance liquibase.command.core.helpers.OutputWriterCommandStep
2026-01-29 11:59:56.657 DEBUG l.s.StandardServiceLocator - Loaded liquibase.command.CommandStep instance liquibase.command.core.helpers.PreCompareCommandStep
2026-01-29 11:59:56.657 DEBUG l.s.StandardServiceLocator - Loaded liquibase.command.CommandStep instance liquibase.command.core.helpers.ReferenceDatabaseOutputWriterCommandStep
2026-01-29 11:59:56.657 DEBUG l.s.StandardServiceLocator - Loaded liquibase.command.CommandStep instance liquibase.command.core.helpers.ReferenceDbUrlConnectionCommandStep
2026-01-29 11:59:56.657 DEBUG l.s.StandardServiceLocator - Loaded liquibase.command.CommandStep instance liquibase.command.core.helpers.ShowSummaryArgument
2026-01-29 11:59:56.660 DEBUG l.s.StandardServiceLocator - Loaded liquibase.logging.mdc.MdcManager instance liquibase.logging.mdc.NoOpMdcManager
2026-01-29 11:59:56.660 DEBUG l.c.LiquibaseConfiguration - No configuration value for liquibase.strict found
2026-01-29 11:59:56.660 DEBUG l.c.ConfigurationDefinition - Configuration liquibase.strict is using the default value of false
2026-01-29 11:59:56.661 DEBUG l.c.LiquibaseConfiguration - No configuration value for liquibase.command.update.changeExecListener found
2026-01-29 11:59:56.661 DEBUG l.c.LiquibaseConfiguration - No configuration value for liquibase.command.changeExecListener found
2026-01-29 11:59:56.661 DEBUG l.c.LiquibaseConfiguration - No configuration value for liquibase.command.update.changeExecListenerClass found
2026-01-29 11:59:56.661 DEBUG l.c.LiquibaseConfiguration - No configuration value for liquibase.command.changeExecListenerClass found
2026-01-29 11:59:56.661 DEBUG l.c.LiquibaseConfiguration - No configuration value for liquibase.command.update.changeExecListenerPropertiesFile found
2026-01-29 11:59:56.663 DEBUG l.c.LiquibaseConfiguration - No configuration value for liquibase.command.changeExecListenerPropertiesFile found
2026-01-29 11:59:56.663 DEBUG l.c.LiquibaseConfiguration - Found 'liquibase.command.update.changelogFile' configuration of 'changelog.xml'
    command argument 'changelogFile' of 'changelog.xml'
2026-01-29 11:59:56.664 DEBUG l.c.LiquibaseConfiguration - Found 'liquibase.command.update.changelogParameters' configuration of 'liquibase.changelog.ChangeLogParameters@48d7ad8b'
    command argument 'changelogParameters' of 'liquibase.changelog.ChangeLogParameters@48d7ad8b'
2026-01-29 11:59:56.664 DEBUG l.c.LiquibaseConfiguration - No configuration value for liquibase.command.update.contextFilter aka liquibase.command.update.contexts found
2026-01-29 11:59:56.664 DEBUG l.c.LiquibaseConfiguration - No configuration value for liquibase.command.contextFilter aka liquibase.command.contexts found
2026-01-29 11:59:56.665 DEBUG l.c.LiquibaseConfiguration - Found 'liquibase.command.update.database' configuration of 'ELLMASTER @ jdbc:oracle:thin:@localhost:1521/ban83 (Default Schema: SCOTT)'
    command argument 'database' of 'ELLMASTER @ jdbc:oracle:thin:@localhost:1521/ban83 (Default Schema: SCOTT)'
2026-01-29 11:59:56.665 DEBUG l.c.LiquibaseConfiguration - No configuration value for liquibase.command.update.databaseChangelog found
2026-01-29 11:59:56.665 DEBUG l.c.LiquibaseConfiguration - No configuration value for liquibase.command.databaseChangelog found
2026-01-29 11:59:56.665 DEBUG l.c.LiquibaseConfiguration - No configuration value for liquibase.command.update.defaultCatalogName found
2026-01-29 11:59:56.665 DEBUG l.c.LiquibaseConfiguration - No configuration value for liquibase.command.defaultCatalogName found
2026-01-29 11:59:56.665 DEBUG l.c.LiquibaseConfiguration - No configuration value for liquibase.command.update.defaultSchemaName found
2026-01-29 11:59:56.666 DEBUG l.c.LiquibaseConfiguration - No configuration value for liquibase.command.defaultSchemaName found
2026-01-29 11:59:56.666 DEBUG l.c.LiquibaseConfiguration - No configuration value for liquibase.command.update.driver found
2026-01-29 11:59:56.666 DEBUG l.c.LiquibaseConfiguration - No configuration value for liquibase.command.driver found
2026-01-29 11:59:56.666 DEBUG l.c.LiquibaseConfiguration - No configuration value for liquibase.command.update.driverPropertiesFile found
2026-01-29 11:59:56.666 DEBUG l.c.LiquibaseConfiguration - No configuration value for liquibase.command.driverPropertiesFile found
2026-01-29 11:59:56.666 DEBUG l.c.LiquibaseConfiguration - No configuration value for liquibase.command.update.labelFilter aka liquibase.command.update.labels found
2026-01-29 11:59:56.666 DEBUG l.c.LiquibaseConfiguration - No configuration value for liquibase.command.labelFilter aka liquibase.command.labels found
2026-01-29 11:59:56.667 DEBUG l.c.LiquibaseConfiguration - No configuration value for liquibase.command.update.password found
2026-01-29 11:59:56.667 DEBUG l.c.LiquibaseConfiguration - No configuration value for liquibase.command.password found
2026-01-29 11:59:56.667 DEBUG l.c.LiquibaseConfiguration - No configuration value for liquibase.command.update.showSummary found
2026-01-29 11:59:56.667 DEBUG l.c.ConfigurationDefinition - Configuration liquibase.command.update.showSummary is using the default value of SUMMARY
2026-01-29 11:59:56.667 DEBUG l.c.LiquibaseConfiguration - No configuration value for liquibase.command.showSummary found
2026-01-29 11:59:56.667 DEBUG l.c.ConfigurationDefinition - Configuration liquibase.command.showSummary is using the default value of SUMMARY
2026-01-29 11:59:56.667 DEBUG l.c.LiquibaseConfiguration - Found 'liquibase.command.update.showSummaryOutput' configuration of 'LOG'
    command argument 'showSummaryOutput' of 'LOG'
2026-01-29 11:59:56.667 DEBUG l.c.LiquibaseConfiguration - No configuration value for liquibase.command.update.skipDatabaseStep found
2026-01-29 11:59:56.667 DEBUG l.c.ConfigurationDefinition - Configuration liquibase.command.update.skipDatabaseStep is using the default value of false
2026-01-29 11:59:56.668 DEBUG l.c.LiquibaseConfiguration - No configuration value for liquibase.command.skipDatabaseStep found
2026-01-29 11:59:56.668 DEBUG l.c.ConfigurationDefinition - Configuration liquibase.command.skipDatabaseStep is using the default value of false
2026-01-29 11:59:56.668 DEBUG l.c.LiquibaseConfiguration - No configuration value for liquibase.command.update.updateNullChecksums found
2026-01-29 11:59:56.668 DEBUG l.c.ConfigurationDefinition - Configuration liquibase.command.update.updateNullChecksums is using the default value of false
2026-01-29 11:59:56.668 DEBUG l.c.LiquibaseConfiguration - No configuration value for liquibase.command.updateNullChecksums found
2026-01-29 11:59:56.668 DEBUG l.c.ConfigurationDefinition - Configuration liquibase.command.updateNullChecksums is using the default value of false
2026-01-29 11:59:56.668 DEBUG l.c.LiquibaseConfiguration - No configuration value for liquibase.command.update.url found
2026-01-29 11:59:56.668 DEBUG l.c.LiquibaseConfiguration - No configuration value for liquibase.command.url found
2026-01-29 11:59:56.669 DEBUG l.c.LiquibaseConfiguration - No configuration value for liquibase.command.update.username found
2026-01-29 11:59:56.669 DEBUG l.c.LiquibaseConfiguration - No configuration value for liquibase.command.username found
2026-01-29 11:59:56.669 DEBUG liquibase.command.CommandScope - Pipeline for command 'update: liquibase.command.core.helpers.DbUrlConnectionArgumentsCommandStep then liquibase.command.core.helpers.ShowSummaryArgument then liquibase.command.core.helpers.DbUrlConnectionCommandStep then liquibase.command.core.helpers.DatabaseChangelogCommandStep then liquibase.command.core.helpers.ChangeExecListenerCommandStep then liquibase.command.core.UpdateCommandStep
2026-01-29 11:59:56.669 DEBUG l.c.LiquibaseConfiguration - No configuration value for liquibase.outputFile found
2026-01-29 11:59:56.669 DEBUG l.c.LiquibaseConfiguration - No configuration value for liquibase.outputFileEncoding found
2026-01-29 11:59:56.669 DEBUG l.c.ConfigurationDefinition - Configuration liquibase.outputFileEncoding is using the default value of UTF-8
2026-01-29 11:59:56.669 DEBUG liquibase.command.CommandScope - Writing output with encoding 'UTF-8'
2026-01-29 11:59:56.669 DEBUG liquibase.command.CommandScope - Executing internal command dbUrlConnectionArguments
2026-01-29 11:59:56.669 DEBUG liquibase.command.CommandScope - Executing internal command showSummary
2026-01-29 11:59:56.669 DEBUG l.c.ConfigurationDefinition - Configuration liquibase.command.update.showSummary is using the default value of SUMMARY
2026-01-29 11:59:56.669 DEBUG l.c.ConfigurationDefinition - Configuration liquibase.command.showSummary is using the default value of SUMMARY
2026-01-29 11:59:56.670 DEBUG liquibase.command.CommandScope - Executing internal command dbUrlConnectionCommandStep
2026-01-29 11:59:56.670 DEBUG l.c.ConfigurationDefinition - Configuration liquibase.command.update.skipDatabaseStep is using the default value of false
2026-01-29 11:59:56.670 DEBUG l.c.ConfigurationDefinition - Configuration liquibase.command.skipDatabaseStep is using the default value of false
2026-01-29 11:59:56.670 DEBUG liquibase.command.CommandScope - Executing internal command changelogCommandStep
2026-01-29 11:59:56.673 DEBUG l.s.StandardServiceLocator - Loaded liquibase.parser.ChangeLogParser instance liquibase.parser.core.formattedsql.FormattedSqlChangeLogParser
2026-01-29 11:59:56.674 DEBUG l.s.StandardServiceLocator - Loaded liquibase.parser.ChangeLogParser instance liquibase.parser.core.json.JsonChangeLogParser
2026-01-29 11:59:56.674 DEBUG l.s.StandardServiceLocator - Loaded liquibase.parser.ChangeLogParser instance liquibase.parser.core.sql.SqlChangeLogParser
2026-01-29 11:59:56.676 DEBUG l.c.LiquibaseConfiguration - No configuration value for liquibase.validateXmlChangelogFiles found
2026-01-29 11:59:56.676 DEBUG l.c.ConfigurationDefinition - Configuration liquibase.validateXmlChangelogFiles is using the default value of true
2026-01-29 11:59:56.676 DEBUG l.c.LiquibaseConfiguration - No configuration value for liquibase.secureParsing found
2026-01-29 11:59:56.676 DEBUG l.c.ConfigurationDefinition - Configuration liquibase.secureParsing is using the default value of true
2026-01-29 11:59:56.676 DEBUG l.s.StandardServiceLocator - Loaded liquibase.parser.ChangeLogParser instance liquibase.parser.core.xml.XMLChangeLogSAXParser
2026-01-29 11:59:56.676 DEBUG l.s.StandardServiceLocator - Loaded liquibase.parser.ChangeLogParser instance liquibase.parser.core.yaml.YamlChangeLogParser
2026-01-29 11:59:56.677 DEBUG l.parser.ChangeLogParserFactory - Matched file 'changelog.xml' to parser 'XMLChangeLogSAXParser'
2026-01-29 11:59:56.680 DEBUG l.s.StandardServiceLocator - Loaded liquibase.precondition.Precondition instance liquibase.precondition.CustomPreconditionWrapper
2026-01-29 11:59:56.680 DEBUG l.s.StandardServiceLocator - Loaded liquibase.precondition.Precondition instance liquibase.precondition.core.AndPrecondition
2026-01-29 11:59:56.680 DEBUG l.s.StandardServiceLocator - Loaded liquibase.precondition.Precondition instance liquibase.precondition.core.ChangeLogPropertyDefinedPrecondition
2026-01-29 11:59:56.680 DEBUG l.s.StandardServiceLocator - Loaded liquibase.precondition.Precondition instance liquibase.precondition.core.ChangeSetExecutedPrecondition
2026-01-29 11:59:56.681 DEBUG l.s.StandardServiceLocator - Loaded liquibase.precondition.Precondition instance liquibase.precondition.core.ColumnExistsPrecondition
2026-01-29 11:59:56.681 DEBUG l.s.StandardServiceLocator - Loaded liquibase.precondition.Precondition instance liquibase.precondition.core.DBMSPrecondition
2026-01-29 11:59:56.681 DEBUG l.s.StandardServiceLocator - Loaded liquibase.precondition.Precondition instance liquibase.precondition.core.ForeignKeyExistsPrecondition
2026-01-29 11:59:56.681 DEBUG l.s.StandardServiceLocator - Loaded liquibase.precondition.Precondition instance liquibase.precondition.core.IndexExistsPrecondition
2026-01-29 11:59:56.681 DEBUG l.s.StandardServiceLocator - Loaded liquibase.precondition.Precondition instance liquibase.precondition.core.NotPrecondition
2026-01-29 11:59:56.681 DEBUG l.s.StandardServiceLocator - Loaded liquibase.precondition.Precondition instance liquibase.precondition.core.ObjectQuotingStrategyPrecondition
2026-01-29 11:59:56.681 DEBUG l.s.StandardServiceLocator - Loaded liquibase.precondition.Precondition instance liquibase.precondition.core.OrPrecondition
2026-01-29 11:59:56.681 DEBUG l.s.StandardServiceLocator - Loaded liquibase.precondition.Precondition instance liquibase.precondition.core.PreconditionContainer
2026-01-29 11:59:56.681 DEBUG l.s.StandardServiceLocator - Loaded liquibase.precondition.Precondition instance liquibase.precondition.core.PrimaryKeyExistsPrecondition
2026-01-29 11:59:56.681 DEBUG l.s.StandardServiceLocator - Loaded liquibase.precondition.Precondition instance liquibase.precondition.core.RowCountPrecondition
2026-01-29 11:59:56.681 DEBUG l.s.StandardServiceLocator - Loaded liquibase.precondition.Precondition instance liquibase.precondition.core.RunningAsPrecondition
2026-01-29 11:59:56.681 DEBUG l.s.StandardServiceLocator - Loaded liquibase.precondition.Precondition instance liquibase.precondition.core.SequenceExistsPrecondition
2026-01-29 11:59:56.681 DEBUG l.s.StandardServiceLocator - Loaded liquibase.precondition.Precondition instance liquibase.precondition.core.SqlPrecondition
2026-01-29 11:59:56.682 DEBUG l.s.StandardServiceLocator - Loaded liquibase.precondition.Precondition instance liquibase.precondition.core.TableExistsPrecondition
2026-01-29 11:59:56.682 DEBUG l.s.StandardServiceLocator - Loaded liquibase.precondition.Precondition instance liquibase.precondition.core.TableIsEmptyPrecondition
2026-01-29 11:59:56.682 DEBUG l.s.StandardServiceLocator - Loaded liquibase.precondition.Precondition instance liquibase.precondition.core.UniqueConstraintExistsPrecondition
2026-01-29 11:59:56.682 DEBUG l.s.StandardServiceLocator - Loaded liquibase.precondition.Precondition instance liquibase.precondition.core.ViewExistsPrecondition
2026-01-29 11:59:56.699 DEBUG l.p.core.xml.LiquibaseEntityResolver - Resolving XML entity name='null', publicId='null', baseURI='null', systemId='http://www.liquibase.org/xml/ns/dbchangelog/dbchangelog-1.9.xsd'
2026-01-29 11:59:56.719 DEBUG l.c.LiquibaseConfiguration - No configuration value for liquibase.fileEncoding found
2026-01-29 11:59:56.719 DEBUG l.c.ConfigurationDefinition - Configuration liquibase.fileEncoding is using the default value of UTF-8
2026-01-29 11:59:56.719 DEBUG l.parser.ChangeLogParserFactory - Matched file 'changeset.sql' to parser 'FormattedSqlChangeLogParser'
2026-01-29 11:59:56.720 DEBUG l.s.StandardServiceLocator - Loaded liquibase.changeset.ChangeSetService instance liquibase.changeset.StandardChangeSetService
2026-01-29 11:59:56.721 DEBUG l.parser.ChangeLogParserFactory - Matched file 'changeset2.sql' to parser 'FormattedSqlChangeLogParser'
2026-01-29 11:59:56.722 DEBUG l.c.LiquibaseConfiguration - Found 'liquibase.command.update.updateNullChecksums' configuration of 'true'
    command argument 'updateNullChecksums' of 'true'
2026-01-29 11:59:56.723 DEBUG l.s.StandardServiceLocator - Loaded liquibase.changelog.ChangeLogHistoryService instance liquibase.changelog.MockChangeLogHistoryService
2026-01-29 11:59:56.724 DEBUG l.s.StandardServiceLocator - Loaded liquibase.changelog.ChangeLogHistoryService instance liquibase.changelog.StandardChangeLogHistoryService
2026-01-29 11:59:56.725 DEBUG l.s.StandardServiceLocator - Loaded liquibase.snapshot.SnapshotGenerator instance liquibase.snapshot.jvm.CatalogSnapshotGenerator
2026-01-29 11:59:56.726 DEBUG l.s.StandardServiceLocator - Loaded liquibase.snapshot.SnapshotGenerator instance liquibase.snapshot.jvm.ColumnSnapshotGenerator
2026-01-29 11:59:56.726 DEBUG l.s.StandardServiceLocator - Loaded liquibase.snapshot.SnapshotGenerator instance liquibase.snapshot.jvm.ColumnSnapshotGeneratorH2
2026-01-29 11:59:56.726 DEBUG l.s.StandardServiceLocator - Loaded liquibase.snapshot.SnapshotGenerator instance liquibase.snapshot.jvm.ColumnSnapshotGeneratorInformix
2026-01-29 11:59:56.726 DEBUG l.s.StandardServiceLocator - Loaded liquibase.snapshot.SnapshotGenerator instance liquibase.snapshot.jvm.ColumnSnapshotGeneratorOracle
2026-01-29 11:59:56.726 DEBUG l.s.StandardServiceLocator - Loaded liquibase.snapshot.SnapshotGenerator instance liquibase.snapshot.jvm.DataSnapshotGenerator
2026-01-29 11:59:56.727 DEBUG l.s.StandardServiceLocator - Loaded liquibase.snapshot.SnapshotGenerator instance liquibase.snapshot.jvm.ForeignKeySnapshotGenerator
2026-01-29 11:59:56.727 DEBUG l.s.StandardServiceLocator - Loaded liquibase.snapshot.SnapshotGenerator instance liquibase.snapshot.jvm.IndexSnapshotGenerator
2026-01-29 11:59:56.727 DEBUG l.s.StandardServiceLocator - Loaded liquibase.snapshot.SnapshotGenerator instance liquibase.snapshot.jvm.PrimaryKeySnapshotGenerator
2026-01-29 11:59:56.727 DEBUG l.s.StandardServiceLocator - Loaded liquibase.snapshot.SnapshotGenerator instance liquibase.snapshot.jvm.SchemaSnapshotGenerator
2026-01-29 11:59:56.728 DEBUG l.s.StandardServiceLocator - Loaded liquibase.snapshot.SnapshotGenerator instance liquibase.snapshot.jvm.SequenceSnapshotGenerator
2026-01-29 11:59:56.728 DEBUG l.s.StandardServiceLocator - Loaded liquibase.snapshot.SnapshotGenerator instance liquibase.snapshot.jvm.TableSnapshotGenerator
2026-01-29 11:59:56.728 DEBUG l.s.StandardServiceLocator - Loaded liquibase.snapshot.SnapshotGenerator instance liquibase.snapshot.jvm.UniqueConstraintSnapshotGenerator
2026-01-29 11:59:56.728 DEBUG l.s.StandardServiceLocator - Loaded liquibase.snapshot.SnapshotGenerator instance liquibase.snapshot.jvm.ViewSnapshotGenerator
2026-01-29 11:59:56.728 DEBUG l.s.StandardServiceLocator - Loaded liquibase.snapshot.SnapshotGenerator instance liquibase.snapshot.jvm.SchemaSnapshotGeneratorSnowflake
2026-01-29 11:59:56.728 DEBUG l.s.StandardServiceLocator - Loaded liquibase.snapshot.SnapshotGenerator instance liquibase.snapshot.jvm.SequenceSnapshotGeneratorSnowflake
2026-01-29 11:59:56.728 DEBUG l.s.StandardServiceLocator - Loaded liquibase.snapshot.SnapshotGenerator instance liquibase.snapshot.jvm.UniqueConstraintSnapshotGeneratorSnowflake
2026-01-29 11:59:56.730 DEBUG l.s.StandardServiceLocator - Loaded liquibase.database.LiquibaseTableNames instance liquibase.database.StandardLiquibaseTableNames
2026-01-29 11:59:56.731 DEBUG l.s.StandardServiceLocator - Loaded liquibase.diff.compare.DatabaseObjectComparator instance liquibase.diff.compare.core.CatalogComparator
2026-01-29 11:59:56.731 DEBUG l.s.StandardServiceLocator - Loaded liquibase.diff.compare.DatabaseObjectComparator instance liquibase.diff.compare.core.ColumnComparator
2026-01-29 11:59:56.731 DEBUG l.s.StandardServiceLocator - Loaded liquibase.diff.compare.DatabaseObjectComparator instance liquibase.diff.compare.core.DefaultDatabaseObjectComparator
2026-01-29 11:59:56.731 DEBUG l.s.StandardServiceLocator - Loaded liquibase.diff.compare.DatabaseObjectComparator instance liquibase.diff.compare.core.ForeignKeyComparator
2026-01-29 11:59:56.731 DEBUG l.s.StandardServiceLocator - Loaded liquibase.diff.compare.DatabaseObjectComparator instance liquibase.diff.compare.core.IndexComparator
2026-01-29 11:59:56.731 DEBUG l.s.StandardServiceLocator - Loaded liquibase.diff.compare.DatabaseObjectComparator instance liquibase.diff.compare.core.PrimaryKeyComparator
2026-01-29 11:59:56.732 DEBUG l.s.StandardServiceLocator - Loaded liquibase.diff.compare.DatabaseObjectComparator instance liquibase.diff.compare.core.SchemaComparator
2026-01-29 11:59:56.732 DEBUG l.s.StandardServiceLocator - Loaded liquibase.diff.compare.DatabaseObjectComparator instance liquibase.diff.compare.core.TableComparator
2026-01-29 11:59:56.732 DEBUG l.s.StandardServiceLocator - Loaded liquibase.diff.compare.DatabaseObjectComparator instance liquibase.diff.compare.core.UniqueConstraintComparator
2026-01-29 11:59:56.732 DEBUG l.c.LiquibaseConfiguration - No configuration value for liquibase.includeCatalogInSpecification found
2026-01-29 11:59:56.732 DEBUG l.c.ConfigurationDefinition - Configuration liquibase.includeCatalogInSpecification is using the default value of false
2026-01-29 11:59:56.733 DEBUG liquibase.util.MD5Util - Computed checksum for 1769705996732 as 88e2ca65177699e251f38b0a8fd8a5d8
2026-01-29 11:59:57.075 DEBUG l.c.LiquibaseConfiguration - No configuration value for liquibase.sql.alwaysSetFetchSize found
2026-01-29 11:59:57.075 DEBUG l.c.ConfigurationDefinition - Configuration liquibase.sql.alwaysSetFetchSize is using the default value of true
2026-01-29 11:59:57.077 DEBUG l.s.StandardServiceLocator - Loaded liquibase.sqlgenerator.SqlGenerator instance liquibase.sqlgenerator.core.AddAutoIncrementGenerator
2026-01-29 11:59:57.077 DEBUG l.s.StandardServiceLocator - Loaded liquibase.sqlgenerator.SqlGenerator instance liquibase.sqlgenerator.core.AddAutoIncrementGeneratorDB2
2026-01-29 11:59:57.077 DEBUG l.s.StandardServiceLocator - Loaded liquibase.sqlgenerator.SqlGenerator instance liquibase.sqlgenerator.core.AddAutoIncrementGeneratorHsqlH2
2026-01-29 11:59:57.078 DEBUG l.s.StandardServiceLocator - Loaded liquibase.sqlgenerator.SqlGenerator instance liquibase.sqlgenerator.core.AddAutoIncrementGeneratorInformix
2026-01-29 11:59:57.078 DEBUG l.s.StandardServiceLocator - Loaded liquibase.sqlgenerator.SqlGenerator instance liquibase.sqlgenerator.core.AddAutoIncrementGeneratorMySQL
2026-01-29 11:59:57.078 DEBUG l.s.StandardServiceLocator - Loaded liquibase.sqlgenerator.SqlGenerator instance liquibase.sqlgenerator.core.AddAutoIncrementGeneratorSQLite
2026-01-29 11:59:57.078 DEBUG l.s.StandardServiceLocator - Loaded liquibase.sqlgenerator.SqlGenerator instance liquibase.sqlgenerator.core.AddColumnGenerator
2026-01-29 11:59:57.079 DEBUG l.s.StandardServiceLocator - Loaded liquibase.sqlgenerator.SqlGenerator instance liquibase.sqlgenerator.core.AddColumnGeneratorDefaultClauseBeforeNotNull
2026-01-29 11:59:57.079 DEBUG l.s.StandardServiceLocator - Loaded liquibase.sqlgenerator.SqlGenerator instance liquibase.sqlgenerator.core.AddColumnGeneratorSQLite
2026-01-29 11:59:57.079 DEBUG l.s.StandardServiceLocator - Loaded liquibase.sqlgenerator.SqlGenerator instance liquibase.sqlgenerator.core.AddDefaultValueGenerator
2026-01-29 11:59:57.079 DEBUG l.s.StandardServiceLocator - Loaded liquibase.sqlgenerator.SqlGenerator instance liquibase.sqlgenerator.core.AddDefaultValueGeneratorDerby
2026-01-29 11:59:57.079 DEBUG l.s.StandardServiceLocator - Loaded liquibase.sqlgenerator.SqlGenerator instance liquibase.sqlgenerator.core.AddDefaultValueGeneratorInformix
2026-01-29 11:59:57.079 DEBUG l.s.StandardServiceLocator - Loaded liquibase.sqlgenerator.SqlGenerator instance liquibase.sqlgenerator.core.AddDefaultValueGeneratorMSSQL
2026-01-29 11:59:57.079 DEBUG l.s.StandardServiceLocator - Loaded liquibase.sqlgenerator.SqlGenerator instance liquibase.sqlgenerator.core.AddDefaultValueGeneratorMySQL
2026-01-29 11:59:57.079 DEBUG l.s.StandardServiceLocator - Loaded liquibase.sqlgenerator.SqlGenerator instance liquibase.sqlgenerator.core.AddDefaultValueGeneratorOracle
2026-01-29 11:59:57.080 DEBUG l.s.StandardServiceLocator - Loaded liquibase.sqlgenerator.SqlGenerator instance liquibase.sqlgenerator.core.AddDefaultValueGeneratorPostgres
2026-01-29 11:59:57.080 DEBUG l.s.StandardServiceLocator - Loaded liquibase.sqlgenerator.SqlGenerator instance liquibase.sqlgenerator.core.AddDefaultValueGeneratorSQLite
2026-01-29 11:59:57.080 DEBUG l.s.StandardServiceLocator - Loaded liquibase.sqlgenerator.SqlGenerator instance liquibase.sqlgenerator.core.AddDefaultValueGeneratorSybase
2026-01-29 11:59:57.080 DEBUG l.s.StandardServiceLocator - Loaded liquibase.sqlgenerator.SqlGenerator instance liquibase.sqlgenerator.core.AddDefaultValueGeneratorSybaseASA
2026-01-29 11:59:57.080 DEBUG l.s.StandardServiceLocator - Loaded liquibase.sqlgenerator.SqlGenerator instance liquibase.sqlgenerator.core.AddForeignKeyConstraintGenerator
2026-01-29 11:59:57.080 DEBUG l.s.StandardServiceLocator - Loaded liquibase.sqlgenerator.SqlGenerator instance liquibase.sqlgenerator.core.AddPrimaryKeyGenerator
2026-01-29 11:59:57.080 DEBUG l.s.StandardServiceLocator - Loaded liquibase.sqlgenerator.SqlGenerator instance liquibase.sqlgenerator.core.AddPrimaryKeyGeneratorInformix
2026-01-29 11:59:57.080 DEBUG l.s.StandardServiceLocator - Loaded liquibase.sqlgenerator.SqlGenerator instance liquibase.sqlgenerator.core.AddUniqueConstraintGenerator
2026-01-29 11:59:57.080 DEBUG l.s.StandardServiceLocator - Loaded liquibase.sqlgenerator.SqlGenerator instance liquibase.sqlgenerator.core.AddUniqueConstraintGeneratorInformix
2026-01-29 11:59:57.081 DEBUG l.s.StandardServiceLocator - Loaded liquibase.sqlgenerator.SqlGenerator instance liquibase.sqlgenerator.core.AddUniqueConstraintGeneratorTDS
2026-01-29 11:59:57.081 DEBUG l.s.StandardServiceLocator - Loaded liquibase.sqlgenerator.SqlGenerator instance liquibase.sqlgenerator.core.AlterSequenceGenerator
2026-01-29 11:59:57.081 DEBUG l.s.StandardServiceLocator - Loaded liquibase.sqlgenerator.SqlGenerator instance liquibase.sqlgenerator.core.BatchDmlExecutablePreparedStatementGenerator
2026-01-29 11:59:57.081 DEBUG l.s.StandardServiceLocator - Loaded liquibase.sqlgenerator.SqlGenerator instance liquibase.sqlgenerator.core.ClearDatabaseChangeLogTableGenerator
2026-01-29 11:59:57.081 DEBUG l.s.StandardServiceLocator - Loaded liquibase.sqlgenerator.SqlGenerator instance liquibase.sqlgenerator.core.CommentGenerator
2026-01-29 11:59:57.081 DEBUG l.s.StandardServiceLocator - Loaded liquibase.sqlgenerator.SqlGenerator instance liquibase.sqlgenerator.core.CopyRowsGenerator
2026-01-29 11:59:57.081 DEBUG l.s.StandardServiceLocator - Loaded liquibase.sqlgenerator.SqlGenerator instance liquibase.sqlgenerator.core.CreateDatabaseChangeLogLockTableGenerator
2026-01-29 11:59:57.081 DEBUG l.s.StandardServiceLocator - Loaded liquibase.sqlgenerator.SqlGenerator instance liquibase.sqlgenerator.core.CreateDatabaseChangeLogTableGenerator
2026-01-29 11:59:57.081 DEBUG l.s.StandardServiceLocator - Loaded liquibase.sqlgenerator.SqlGenerator instance liquibase.sqlgenerator.core.CreateDatabaseChangeLogTableGeneratorSybase
2026-01-29 11:59:57.082 DEBUG l.s.StandardServiceLocator - Loaded liquibase.sqlgenerator.SqlGenerator instance liquibase.sqlgenerator.core.CreateIndexGenerator
2026-01-29 11:59:57.082 DEBUG l.s.StandardServiceLocator - Loaded liquibase.sqlgenerator.SqlGenerator instance liquibase.sqlgenerator.core.CreateIndexGeneratorFirebird
2026-01-29 11:59:57.082 DEBUG l.s.StandardServiceLocator - Loaded liquibase.sqlgenerator.SqlGenerator instance liquibase.sqlgenerator.core.CreateIndexGeneratorPostgres
2026-01-29 11:59:57.082 DEBUG l.s.StandardServiceLocator - Loaded liquibase.sqlgenerator.SqlGenerator instance liquibase.sqlgenerator.core.CreateProcedureGenerator
2026-01-29 11:59:57.082 DEBUG l.s.StandardServiceLocator - Loaded liquibase.sqlgenerator.SqlGenerator instance liquibase.sqlgenerator.core.CreateSequenceGenerator
2026-01-29 11:59:57.083 DEBUG l.s.StandardServiceLocator - Loaded liquibase.sqlgenerator.SqlGenerator instance liquibase.sqlgenerator.core.CreateTableGenerator
2026-01-29 11:59:57.083 DEBUG l.s.StandardServiceLocator - Loaded liquibase.sqlgenerator.SqlGenerator instance liquibase.sqlgenerator.core.CreateTableGeneratorInformix
2026-01-29 11:59:57.083 DEBUG l.s.StandardServiceLocator - Loaded liquibase.sqlgenerator.SqlGenerator instance liquibase.sqlgenerator.core.CreateViewGenerator
2026-01-29 11:59:57.083 DEBUG l.s.StandardServiceLocator - Loaded liquibase.sqlgenerator.SqlGenerator instance liquibase.sqlgenerator.core.CreateViewGeneratorInformix
2026-01-29 11:59:57.083 DEBUG l.s.StandardServiceLocator - Loaded liquibase.sqlgenerator.SqlGenerator instance liquibase.sqlgenerator.core.DeleteGenerator
2026-01-29 11:59:57.083 DEBUG l.s.StandardServiceLocator - Loaded liquibase.sqlgenerator.SqlGenerator instance liquibase.sqlgenerator.core.DropColumnGenerator
2026-01-29 11:59:57.083 DEBUG l.s.StandardServiceLocator - Loaded liquibase.sqlgenerator.SqlGenerator instance liquibase.sqlgenerator.core.DropDefaultValueGenerator
2026-01-29 11:59:57.084 DEBUG l.s.StandardServiceLocator - Loaded liquibase.sqlgenerator.SqlGenerator instance liquibase.sqlgenerator.core.DropForeignKeyConstraintGenerator
2026-01-29 11:59:57.084 DEBUG l.s.StandardServiceLocator - Loaded liquibase.sqlgenerator.SqlGenerator instance liquibase.sqlgenerator.core.DropIndexGenerator
2026-01-29 11:59:57.084 DEBUG l.s.StandardServiceLocator - Loaded liquibase.sqlgenerator.SqlGenerator instance liquibase.sqlgenerator.core.DropPrimaryKeyGenerator
2026-01-29 11:59:57.084 DEBUG l.s.StandardServiceLocator - Loaded liquibase.sqlgenerator.SqlGenerator instance liquibase.sqlgenerator.core.DropProcedureGenerator
2026-01-29 11:59:57.084 DEBUG l.s.StandardServiceLocator - Loaded liquibase.sqlgenerator.SqlGenerator instance liquibase.sqlgenerator.core.DropSequenceGenerator
2026-01-29 11:59:57.084 DEBUG l.s.StandardServiceLocator - Loaded liquibase.sqlgenerator.SqlGenerator instance liquibase.sqlgenerator.core.DropTableGenerator
2026-01-29 11:59:57.084 DEBUG l.s.StandardServiceLocator - Loaded liquibase.sqlgenerator.SqlGenerator instance liquibase.sqlgenerator.core.DropUniqueConstraintGenerator
2026-01-29 11:59:57.084 DEBUG l.s.StandardServiceLocator - Loaded liquibase.sqlgenerator.SqlGenerator instance liquibase.sqlgenerator.core.DropViewGenerator
2026-01-29 11:59:57.084 DEBUG l.s.StandardServiceLocator - Loaded liquibase.sqlgenerator.SqlGenerator instance liquibase.sqlgenerator.core.GetNextChangeSetSequenceValueGenerator
2026-01-29 11:59:57.084 DEBUG l.s.StandardServiceLocator - Loaded liquibase.sqlgenerator.SqlGenerator instance liquibase.sqlgenerator.core.GetViewDefinitionGenerator
2026-01-29 11:59:57.084 DEBUG l.s.StandardServiceLocator - Loaded liquibase.sqlgenerator.SqlGenerator instance liquibase.sqlgenerator.core.GetViewDefinitionGeneratorDB2
2026-01-29 11:59:57.085 DEBUG l.s.StandardServiceLocator - Loaded liquibase.sqlgenerator.SqlGenerator instance liquibase.sqlgenerator.core.GetViewDefinitionGeneratorDerby
2026-01-29 11:59:57.085 DEBUG l.s.StandardServiceLocator - Loaded liquibase.sqlgenerator.SqlGenerator instance liquibase.sqlgenerator.core.GetViewDefinitionGeneratorFirebird
2026-01-29 11:59:57.085 DEBUG l.s.StandardServiceLocator - Loaded liquibase.sqlgenerator.SqlGenerator instance liquibase.sqlgenerator.core.GetViewDefinitionGeneratorHsql
2026-01-29 11:59:57.085 DEBUG l.s.StandardServiceLocator - Loaded liquibase.sqlgenerator.SqlGenerator instance liquibase.sqlgenerator.core.GetViewDefinitionGeneratorInformix
2026-01-29 11:59:57.085 DEBUG l.s.StandardServiceLocator - Loaded liquibase.sqlgenerator.SqlGenerator instance liquibase.sqlgenerator.core.GetViewDefinitionGeneratorMSSQL
2026-01-29 11:59:57.085 DEBUG l.s.StandardServiceLocator - Loaded liquibase.sqlgenerator.SqlGenerator instance liquibase.sqlgenerator.core.GetViewDefinitionGeneratorOracle
2026-01-29 11:59:57.085 DEBUG l.s.StandardServiceLocator - Loaded liquibase.sqlgenerator.SqlGenerator instance liquibase.sqlgenerator.core.GetViewDefinitionGeneratorPostgres
2026-01-29 11:59:57.085 DEBUG l.s.StandardServiceLocator - Loaded liquibase.sqlgenerator.SqlGenerator instance liquibase.sqlgenerator.core.GetViewDefinitionGeneratorSybase
2026-01-29 11:59:57.085 DEBUG l.s.StandardServiceLocator - Loaded liquibase.sqlgenerator.SqlGenerator instance liquibase.sqlgenerator.core.GetViewDefinitionGeneratorSybaseASA
2026-01-29 11:59:57.085 DEBUG l.s.StandardServiceLocator - Loaded liquibase.sqlgenerator.SqlGenerator instance liquibase.sqlgenerator.core.InitializeDatabaseChangeLogLockTableGenerator
2026-01-29 11:59:57.085 DEBUG l.s.StandardServiceLocator - Loaded liquibase.sqlgenerator.SqlGenerator instance liquibase.sqlgenerator.core.InsertDataChangeGenerator
2026-01-29 11:59:57.085 DEBUG l.s.StandardServiceLocator - Loaded liquibase.sqlgenerator.SqlGenerator instance liquibase.sqlgenerator.core.InsertGenerator
2026-01-29 11:59:57.086 DEBUG l.s.StandardServiceLocator - Loaded liquibase.sqlgenerator.SqlGenerator instance liquibase.sqlgenerator.core.InsertOrUpdateGeneratorDB2
2026-01-29 11:59:57.086 DEBUG l.s.StandardServiceLocator - Loaded liquibase.sqlgenerator.SqlGenerator instance liquibase.sqlgenerator.core.InsertOrUpdateGeneratorH2
2026-01-29 11:59:57.086 DEBUG l.s.StandardServiceLocator - Loaded liquibase.sqlgenerator.SqlGenerator instance liquibase.sqlgenerator.core.InsertOrUpdateGeneratorHsql
2026-01-29 11:59:57.086 DEBUG l.s.StandardServiceLocator - Loaded liquibase.sqlgenerator.SqlGenerator instance liquibase.sqlgenerator.core.InsertOrUpdateGeneratorInformix
2026-01-29 11:59:57.086 DEBUG l.s.StandardServiceLocator - Loaded liquibase.sqlgenerator.SqlGenerator instance liquibase.sqlgenerator.core.InsertOrUpdateGeneratorMSSQL
2026-01-29 11:59:57.086 DEBUG l.s.StandardServiceLocator - Loaded liquibase.sqlgenerator.SqlGenerator instance liquibase.sqlgenerator.core.InsertOrUpdateGeneratorMySQL
2026-01-29 11:59:57.086 DEBUG l.s.StandardServiceLocator - Loaded liquibase.sqlgenerator.SqlGenerator instance liquibase.sqlgenerator.core.InsertOrUpdateGeneratorOracle
2026-01-29 11:59:57.086 DEBUG l.s.StandardServiceLocator - Loaded liquibase.sqlgenerator.SqlGenerator instance liquibase.sqlgenerator.core.InsertOrUpdateGeneratorPostgres
2026-01-29 11:59:57.086 DEBUG l.s.StandardServiceLocator - Loaded liquibase.sqlgenerator.SqlGenerator instance liquibase.sqlgenerator.core.InsertOrUpdateGeneratorSQLite
2026-01-29 11:59:57.086 DEBUG l.s.StandardServiceLocator - Loaded liquibase.sqlgenerator.SqlGenerator instance liquibase.sqlgenerator.core.InsertOrUpdateGeneratorSybaseASA
2026-01-29 11:59:57.086 DEBUG l.s.StandardServiceLocator - Loaded liquibase.sqlgenerator.SqlGenerator instance liquibase.sqlgenerator.core.InsertSetGenerator
2026-01-29 11:59:57.087 DEBUG l.s.StandardServiceLocator - Loaded liquibase.sqlgenerator.SqlGenerator instance liquibase.sqlgenerator.core.LockDatabaseChangeLogGenerator
2026-01-29 11:59:57.087 DEBUG l.s.StandardServiceLocator - Loaded liquibase.sqlgenerator.SqlGenerator instance liquibase.sqlgenerator.core.MarkChangeSetRanGenerator
2026-01-29 11:59:57.087 DEBUG l.s.StandardServiceLocator - Loaded liquibase.sqlgenerator.SqlGenerator instance liquibase.sqlgenerator.core.ModifyDataTypeGenerator
2026-01-29 11:59:57.087 DEBUG l.s.StandardServiceLocator - Loaded liquibase.sqlgenerator.SqlGenerator instance liquibase.sqlgenerator.core.RawParameterizedSqlGenerator
2026-01-29 11:59:57.087 DEBUG l.s.StandardServiceLocator - Loaded liquibase.sqlgenerator.SqlGenerator instance liquibase.sqlgenerator.core.RawSqlGenerator
2026-01-29 11:59:57.087 DEBUG l.s.StandardServiceLocator - Loaded liquibase.sqlgenerator.SqlGenerator instance liquibase.sqlgenerator.core.ReindexGeneratorSQLite
2026-01-29 11:59:57.087 DEBUG l.s.StandardServiceLocator - Loaded liquibase.sqlgenerator.SqlGenerator instance liquibase.sqlgenerator.core.RemoveChangeSetRanStatusGenerator
2026-01-29 11:59:57.087 DEBUG l.s.StandardServiceLocator - Loaded liquibase.sqlgenerator.SqlGenerator instance liquibase.sqlgenerator.core.RenameColumnGenerator
2026-01-29 11:59:57.087 DEBUG l.s.StandardServiceLocator - Loaded liquibase.sqlgenerator.SqlGenerator instance liquibase.sqlgenerator.core.RenameSequenceGenerator
2026-01-29 11:59:57.087 DEBUG l.s.StandardServiceLocator - Loaded liquibase.sqlgenerator.SqlGenerator instance liquibase.sqlgenerator.core.RenameTableGenerator
2026-01-29 11:59:57.087 DEBUG l.s.StandardServiceLocator - Loaded liquibase.sqlgenerator.SqlGenerator instance liquibase.sqlgenerator.core.RenameViewGenerator
2026-01-29 11:59:57.088 DEBUG l.s.StandardServiceLocator - Loaded liquibase.sqlgenerator.SqlGenerator instance liquibase.sqlgenerator.core.ReorganizeTableGeneratorDB2
2026-01-29 11:59:57.088 DEBUG l.s.StandardServiceLocator - Loaded liquibase.sqlgenerator.SqlGenerator instance liquibase.sqlgenerator.core.RuntimeGenerator
2026-01-29 11:59:57.088 DEBUG l.s.StandardServiceLocator - Loaded liquibase.sqlgenerator.SqlGenerator instance liquibase.sqlgenerator.core.SelectFromDatabaseChangeLogGenerator
2026-01-29 11:59:57.088 DEBUG l.s.StandardServiceLocator - Loaded liquibase.sqlgenerator.SqlGenerator instance liquibase.sqlgenerator.core.SelectFromDatabaseChangeLogLockGenerator
2026-01-29 11:59:57.088 DEBUG l.s.StandardServiceLocator - Loaded liquibase.sqlgenerator.SqlGenerator instance liquibase.sqlgenerator.core.SetColumnRemarksGenerator
2026-01-29 11:59:57.088 DEBUG l.s.StandardServiceLocator - Loaded liquibase.sqlgenerator.SqlGenerator instance liquibase.sqlgenerator.core.SetNullableGenerator
2026-01-29 11:59:57.088 DEBUG l.s.StandardServiceLocator - Loaded liquibase.sqlgenerator.SqlGenerator instance liquibase.sqlgenerator.core.SetTableRemarksGenerator
2026-01-29 11:59:57.088 DEBUG l.s.StandardServiceLocator - Loaded liquibase.sqlgenerator.SqlGenerator instance liquibase.sqlgenerator.core.SetViewRemarksGenerator
2026-01-29 11:59:57.089 DEBUG l.s.StandardServiceLocator - Loaded liquibase.sqlgenerator.SqlGenerator instance liquibase.sqlgenerator.core.StoredProcedureGenerator
2026-01-29 11:59:57.089 DEBUG l.s.StandardServiceLocator - Loaded liquibase.sqlgenerator.SqlGenerator instance liquibase.sqlgenerator.core.TableIsEmptyGenerator
2026-01-29 11:59:57.089 DEBUG l.s.StandardServiceLocator - Loaded liquibase.sqlgenerator.SqlGenerator instance liquibase.sqlgenerator.core.TableRowCountGenerator
2026-01-29 11:59:57.089 DEBUG l.s.StandardServiceLocator - Loaded liquibase.sqlgenerator.SqlGenerator instance liquibase.sqlgenerator.core.TagDatabaseGenerator
2026-01-29 11:59:57.089 DEBUG l.s.StandardServiceLocator - Loaded liquibase.sqlgenerator.SqlGenerator instance liquibase.sqlgenerator.core.UnlockDatabaseChangeLogGenerator
2026-01-29 11:59:57.089 DEBUG l.s.StandardServiceLocator - Loaded liquibase.sqlgenerator.SqlGenerator instance liquibase.sqlgenerator.core.UpdateChangeSetChecksumGenerator
2026-01-29 11:59:57.089 DEBUG l.s.StandardServiceLocator - Loaded liquibase.sqlgenerator.SqlGenerator instance liquibase.sqlgenerator.core.UpdateDataChangeGenerator
2026-01-29 11:59:57.089 DEBUG l.s.StandardServiceLocator - Loaded liquibase.sqlgenerator.SqlGenerator instance liquibase.sqlgenerator.core.UpdateGenerator
2026-01-29 11:59:57.089 DEBUG l.s.StandardServiceLocator - Loaded liquibase.sqlgenerator.SqlGenerator instance liquibase.sqlgenerator.core.CreateSequenceGeneratorSnowflake
2026-01-29 11:59:57.089 DEBUG l.s.StandardServiceLocator - Loaded liquibase.sqlgenerator.SqlGenerator instance liquibase.sqlgenerator.core.DropDefaultValueGeneratorSnowflake
2026-01-29 11:59:57.090 DEBUG l.s.StandardServiceLocator - Loaded liquibase.sqlgenerator.SqlGenerator instance liquibase.sqlgenerator.core.DropProcedureGeneratorSnowflake
2026-01-29 11:59:57.090 DEBUG l.s.StandardServiceLocator - Loaded liquibase.sqlgenerator.SqlGenerator instance liquibase.sqlgenerator.core.InsertOrUpdateGeneratorSnowflake
2026-01-29 11:59:57.090 DEBUG l.s.StandardServiceLocator - Loaded liquibase.sqlgenerator.SqlGenerator instance liquibase.sqlgenerator.core.RenameTableGeneratorSnowflake
2026-01-29 11:59:57.090 DEBUG l.s.StandardServiceLocator - Loaded liquibase.sqlgenerator.SqlGenerator instance liquibase.sqlgenerator.core.RenameViewGeneratorSnowflake
2026-01-29 11:59:57.090 DEBUG l.s.StandardServiceLocator - Loaded liquibase.sqlgenerator.SqlGenerator instance liquibase.sqlgenerator.core.SetColumnRemarksGeneratorSnowflake
2026-01-29 11:59:57.090 DEBUG l.s.StandardServiceLocator - Loaded liquibase.sqlgenerator.SqlGenerator instance liquibase.sqlgenerator.core.SetTableRemarksGeneratorSnowflake
2026-01-29 11:59:57.090 DEBUG l.s.StandardServiceLocator - Loaded liquibase.sqlgenerator.SqlGenerator instance liquibase.sqlgenerator.core.GetViewDefinitionGeneratorSnowflake
2026-01-29 11:59:57.096 DEBUG l.e.jvm.ChangelogJdbcMdcListener - Changelog query completed.
2026-01-29 11:59:57.099 INFO  l.c.StandardChangeLogHistoryService - Reading from upgradedemo.DATABASECHANGELOG
2026-01-29 11:59:57.101 DEBUG l.e.jvm.ChangelogJdbcMdcListener - Changelog query completed.
2026-01-29 11:59:57.103 DEBUG l.s.StandardServiceLocator - Loaded liquibase.lockservice.LockService instance liquibase.lockservice.LockServiceImpl
2026-01-29 11:59:57.103 DEBUG l.s.StandardServiceLocator - Loaded liquibase.lockservice.LockService instance liquibase.lockservice.MockLockService
2026-01-29 11:59:57.103 DEBUG l.s.StandardServiceLocator - Loaded liquibase.lockservice.LockService instance liquibase.lockservice.OfflineLockService
2026-01-29 11:59:57.103 DEBUG l.s.StandardServiceLocator - Loaded liquibase.lockservice.LockService instance liquibase.lockservice.StandardLockService
2026-01-29 11:59:57.107 DEBUG l.e.jvm.ChangelogJdbcMdcListener - Changelog query completed.
2026-01-29 11:59:57.108 DEBUG l.c.LiquibaseConfiguration - No configuration value for liquibase.allowDuplicatedChangesetIdentifiers found
2026-01-29 11:59:57.108 DEBUG l.c.ConfigurationDefinition - Configuration liquibase.allowDuplicatedChangesetIdentifiers is using the default value of false
2026-01-29 11:59:57.108 DEBUG l.s.StandardServiceLocator - Loaded liquibase.changelog.visitor.ValidatingVisitorGenerator instance liquibase.changelog.visitor.StandardValidatingVisitorGenerator
2026-01-29 11:59:57.112 DEBUG liquibase.command.CommandScope - Executing internal command changeExecListener
2026-01-29 11:59:57.113 DEBUG liquibase.command.CommandScope - Executing internal command update migrate
2026-01-29 11:59:57.118 DEBUG l.c.LiquibaseConfiguration - No configuration value for liquibase.changelogLockWaitTimeInMinutes aka liquibase.changeLogLockWaitTimeInMinutes found
2026-01-29 11:59:57.118 DEBUG l.c.ConfigurationDefinition - Configuration liquibase.changelogLockWaitTimeInMinutes is using the default value of 5
2026-01-29 11:59:57.121 DEBUG l.e.jvm.ChangelogJdbcMdcListener - Changelog query completed.
2026-01-29 11:59:57.123 DEBUG l.e.jvm.ChangelogJdbcMdcListener - Changelog query completed.
2026-01-29 11:59:57.123 DEBUG liquibase.executor.jvm.JdbcExecutor - Lock Database
2026-01-29 11:59:57.125 DEBUG l.s.StandardServiceLocator - Loaded liquibase.datatype.LiquibaseDataType instance liquibase.datatype.core.BigIntType
2026-01-29 11:59:57.126 DEBUG l.s.StandardServiceLocator - Loaded liquibase.datatype.LiquibaseDataType instance liquibase.datatype.core.BlobType
2026-01-29 11:59:57.126 DEBUG l.s.StandardServiceLocator - Loaded liquibase.datatype.LiquibaseDataType instance liquibase.datatype.core.BooleanType
2026-01-29 11:59:57.126 DEBUG l.s.StandardServiceLocator - Loaded liquibase.datatype.LiquibaseDataType instance liquibase.datatype.core.CharType
2026-01-29 11:59:57.126 DEBUG l.s.StandardServiceLocator - Loaded liquibase.datatype.LiquibaseDataType instance liquibase.datatype.core.ClobType
2026-01-29 11:59:57.126 DEBUG l.s.StandardServiceLocator - Loaded liquibase.datatype.LiquibaseDataType instance liquibase.datatype.core.CurrencyType
2026-01-29 11:59:57.126 DEBUG l.s.StandardServiceLocator - Loaded liquibase.datatype.LiquibaseDataType instance liquibase.datatype.core.DatabaseFunctionType
2026-01-29 11:59:57.127 DEBUG l.s.StandardServiceLocator - Loaded liquibase.datatype.LiquibaseDataType instance liquibase.datatype.core.DateTimeType
2026-01-29 11:59:57.127 DEBUG l.s.StandardServiceLocator - Loaded liquibase.datatype.LiquibaseDataType instance liquibase.datatype.core.DateType
2026-01-29 11:59:57.127 DEBUG l.s.StandardServiceLocator - Loaded liquibase.datatype.LiquibaseDataType instance liquibase.datatype.core.DecimalType
2026-01-29 11:59:57.127 DEBUG l.s.StandardServiceLocator - Loaded liquibase.datatype.LiquibaseDataType instance liquibase.datatype.core.DoubleType
2026-01-29 11:59:57.127 DEBUG l.s.StandardServiceLocator - Loaded liquibase.datatype.LiquibaseDataType instance liquibase.datatype.core.FloatType
2026-01-29 11:59:57.127 DEBUG l.s.StandardServiceLocator - Loaded liquibase.datatype.LiquibaseDataType instance liquibase.datatype.core.IntType
2026-01-29 11:59:57.127 DEBUG l.s.StandardServiceLocator - Loaded liquibase.datatype.LiquibaseDataType instance liquibase.datatype.core.MediumIntType
2026-01-29 11:59:57.128 DEBUG l.s.StandardServiceLocator - Loaded liquibase.datatype.LiquibaseDataType instance liquibase.datatype.core.NCharType
2026-01-29 11:59:57.128 DEBUG l.s.StandardServiceLocator - Loaded liquibase.datatype.LiquibaseDataType instance liquibase.datatype.core.NVarcharType
2026-01-29 11:59:57.128 DEBUG l.s.StandardServiceLocator - Loaded liquibase.datatype.LiquibaseDataType instance liquibase.datatype.core.NumberType
2026-01-29 11:59:57.128 DEBUG l.s.StandardServiceLocator - Loaded liquibase.datatype.LiquibaseDataType instance liquibase.datatype.core.SmallIntType
2026-01-29 11:59:57.128 DEBUG l.s.StandardServiceLocator - Loaded liquibase.datatype.LiquibaseDataType instance liquibase.datatype.core.TimeType
2026-01-29 11:59:57.129 DEBUG l.s.StandardServiceLocator - Loaded liquibase.datatype.LiquibaseDataType instance liquibase.datatype.core.TimestampType
2026-01-29 11:59:57.129 DEBUG l.s.StandardServiceLocator - Loaded liquibase.datatype.LiquibaseDataType instance liquibase.datatype.core.TinyIntType
2026-01-29 11:59:57.129 DEBUG l.s.StandardServiceLocator - Loaded liquibase.datatype.LiquibaseDataType instance liquibase.datatype.core.UUIDType
2026-01-29 11:59:57.129 DEBUG l.s.StandardServiceLocator - Loaded liquibase.datatype.LiquibaseDataType instance liquibase.datatype.core.UnknownType
2026-01-29 11:59:57.129 DEBUG l.s.StandardServiceLocator - Loaded liquibase.datatype.LiquibaseDataType instance liquibase.datatype.core.VarcharType
2026-01-29 11:59:57.129 DEBUG l.s.StandardServiceLocator - Loaded liquibase.datatype.LiquibaseDataType instance liquibase.datatype.core.XMLType
2026-01-29 11:59:57.129 DEBUG l.s.StandardServiceLocator - Loaded liquibase.datatype.LiquibaseDataType instance liquibase.datatype.core.TextDataTypeSnowflake
2026-01-29 11:59:57.129 DEBUG l.s.StandardServiceLocator - Loaded liquibase.datatype.LiquibaseDataType instance liquibase.datatype.core.TimestampNTZTypeSnowflake
2026-01-29 11:59:57.129 DEBUG l.s.StandardServiceLocator - Loaded liquibase.datatype.LiquibaseDataType instance liquibase.datatype.core.DoubleDataTypeSnowflake
2026-01-29 11:59:57.129 DEBUG l.s.StandardServiceLocator - Loaded liquibase.datatype.LiquibaseDataType instance liquibase.datatype.core.BinaryTypeSnowflake
2026-01-29 11:59:57.129 DEBUG l.s.StandardServiceLocator - Loaded liquibase.datatype.LiquibaseDataType instance liquibase.datatype.core.ClobTypeSnowflake
2026-01-29 11:59:57.131 DEBUG l.c.LiquibaseConfiguration - No configuration value for liquibase.workaroundOracleClobCharacterLimit found
2026-01-29 11:59:57.131 DEBUG l.c.ConfigurationDefinition - Configuration liquibase.workaroundOracleClobCharacterLimit is using the default value of true
2026-01-29 11:59:57.132 DEBUG l.e.jvm.ChangelogJdbcMdcListener - Changelog query completed.
2026-01-29 11:59:57.134 INFO  l.lockservice.StandardLockService - Successfully acquired change log lock
2026-01-29 11:59:57.135 INFO  l.command.core.UpdateCommandStep - Using deploymentId: 9705997134
2026-01-29 11:59:57.136 INFO  l.c.StandardChangeLogHistoryService - Reading from upgradedemo.DATABASECHANGELOG
2026-01-29 11:59:57.137 DEBUG l.e.jvm.ChangelogJdbcMdcListener - Changelog query completed.
2026-01-29 11:59:57.138 DEBUG liquibase.util.MD5Util - Computed checksum for inputStream as ac967627ece2606e6f9108acc4c923ce
2026-01-29 11:59:57.138 DEBUG liquibase.util.MD5Util - Computed checksum for 9:ac967627ece2606e6f9108acc4c923ce: as 3da6354204e16a3104705fdd56bc494c
2026-01-29 11:59:57.138 DEBUG liquibase.util.MD5Util - Computed checksum for inputStream as 7e84411717ddd69222381857a6aacdbf
2026-01-29 11:59:57.138 DEBUG liquibase.util.MD5Util - Computed checksum for 9:7e84411717ddd69222381857a6aacdbf: as 6fe0b80faa83fb578324ec2765dbd887
2026-01-29 11:59:57.139 DEBUG liquibase.util.MD5Util - Computed checksum for inputStream as ac967627ece2606e6f9108acc4c923ce
2026-01-29 11:59:57.139 DEBUG liquibase.util.MD5Util - Computed checksum for 9:ac967627ece2606e6f9108acc4c923ce: as 3da6354204e16a3104705fdd56bc494c
Running Changeset: changeset.sql::changeset.sql::scott
2026-01-29 11:59:57.139 DEBUG l.changelog.visitor.UpdateVisitor - Running Changeset: changeset.sql::changeset.sql::scott
2026-01-29 11:59:57.139 DEBUG liquibase.executor.jvm.JdbcExecutor - Changeset changeset.sql::changeset.sql::scott
2026-01-29 11:59:57.140 DEBUG liquibase.changelog.ChangeSet - Reading ChangeSet: changeset.sql::changeset.sql::scott
2026-01-29 11:59:57.141 DEBUG l.s.StandardServiceLocator - Loaded liquibase.parser.LiquibaseSqlParser instance liquibase.util.StandardSqlParser
2026-01-29 11:59:57.144 DEBUG liquibase.executor.jvm.JdbcExecutor - Executing Statement: -- **** *********************************************************
-- insert into scott bonus new values for CIO should not be stripped out 
-- **** *********************************************************
  insert into scott.bonus ( ename, job, sal, comm)
  values (  'ME', 'CIO', 100000, 10000 )
2026-01-29 11:59:57.144 DEBUG l.c.LiquibaseConfiguration - No configuration value for liquibase.sql.logLevel found
2026-01-29 11:59:57.144 DEBUG l.c.ConfigurationDefinition - Configuration liquibase.sql.logLevel is using the default value of FINE
2026-01-29 11:59:57.144 DEBUG l.e.j.JdbcExecutor$ExecuteStatementCallback - -- **** *********************************************************
-- insert into scott bonus new values for CIO should not be stripped out 
-- **** *********************************************************
  insert into scott.bonus ( ename, job, sal, comm)
  values (  'ME', 'CIO', 100000, 10000 )
2026-01-29 11:59:57.148 DEBUG l.e.j.JdbcExecutor$ExecuteStatementCallback - 1 row(s) affected
2026-01-29 11:59:57.148 INFO  liquibase.changelog.ChangeSet - Custom SQL executed
2026-01-29 11:59:57.151 INFO  liquibase.changelog.ChangeSet - ChangeSet changeset.sql::changeset.sql::scott ran successfully in 12ms
2026-01-29 11:59:57.153 DEBUG l.e.jvm.ChangelogJdbcMdcListener - Changelog query completed.
2026-01-29 11:59:57.154 DEBUG l.e.j.JdbcExecutor$ExecuteStatementCallback - INSERT INTO upgradedemo.DATABASECHANGELOG (ID, AUTHOR, FILENAME, DATEEXECUTED, ORDEREXECUTED, MD5SUM, DESCRIPTION, COMMENTS, EXECTYPE, CONTEXTS, LABELS, LIQUIBASE, DEPLOYMENT_ID) VALUES ('changeset.sql', 'scott', 'changeset.sql', SYSTIMESTAMP, 1, '9:3da6354204e16a3104705fdd56bc494c', 'sql', '', 'EXECUTED', NULL, NULL, '4.29.2', '9705997134')
2026-01-29 11:59:57.157 DEBUG l.e.j.JdbcExecutor$ExecuteStatementCallback - 1 row(s) affected
2026-01-29 11:59:57.157 DEBUG l.e.jvm.ChangelogJdbcMdcListener - Changelog query completed.
2026-01-29 11:59:57.160 DEBUG liquibase.util.MD5Util - Computed checksum for inputStream as 7e84411717ddd69222381857a6aacdbf
2026-01-29 11:59:57.160 DEBUG liquibase.util.MD5Util - Computed checksum for 9:7e84411717ddd69222381857a6aacdbf: as 6fe0b80faa83fb578324ec2765dbd887
Running Changeset: changeset2.sql::changeset2.sql::scott
2026-01-29 11:59:57.160 DEBUG l.changelog.visitor.UpdateVisitor - Running Changeset: changeset2.sql::changeset2.sql::scott
2026-01-29 11:59:57.160 DEBUG liquibase.executor.jvm.JdbcExecutor - Changeset changeset2.sql::changeset2.sql::scott
2026-01-29 11:59:57.161 DEBUG liquibase.changelog.ChangeSet - Reading ChangeSet: changeset2.sql::changeset2.sql::scott
2026-01-29 11:59:57.161 DEBUG liquibase.executor.jvm.JdbcExecutor - Executing Statement: insert into scott.bonus ( ename, job, sal, comm)
values (  'YOURNAME', 'CHIEF', 100000, 10000 )
2026-01-29 11:59:57.161 DEBUG l.e.j.JdbcExecutor$ExecuteStatementCallback - insert into scott.bonus ( ename, job, sal, comm)
values (  'YOURNAME', 'CHIEF', 100000, 10000 )
2026-01-29 11:59:57.163 DEBUG l.e.j.JdbcExecutor$ExecuteStatementCallback - 1 row(s) affected
2026-01-29 11:59:57.163 INFO  liquibase.changelog.ChangeSet - Custom SQL executed
2026-01-29 11:59:57.164 INFO  liquibase.changelog.ChangeSet - ChangeSet changeset2.sql::changeset2.sql::scott ran successfully in 4ms
2026-01-29 11:59:57.165 DEBUG l.e.j.JdbcExecutor$ExecuteStatementCallback - INSERT INTO upgradedemo.DATABASECHANGELOG (ID, AUTHOR, FILENAME, DATEEXECUTED, ORDEREXECUTED, MD5SUM, DESCRIPTION, COMMENTS, EXECTYPE, CONTEXTS, LABELS, LIQUIBASE, DEPLOYMENT_ID) VALUES ('changeset2.sql', 'scott', 'changeset2.sql', SYSTIMESTAMP, 2, '9:6fe0b80faa83fb578324ec2765dbd887', 'sql', '', 'EXECUTED', NULL, NULL, '4.29.2', '9705997134')
2026-01-29 11:59:57.167 DEBUG l.e.j.JdbcExecutor$ExecuteStatementCallback - 1 row(s) affected
2026-01-29 11:59:57.168 DEBUG l.e.jvm.ChangelogJdbcMdcListener - Changelog query completed.
2026-01-29 11:59:57.171 DEBUG l.s.StandardServiceLocator - Loaded liquibase.report.ShowSummaryGenerator instance liquibase.report.StandardShowSummaryGenerator
2026-01-29 11:59:57.173 INFO  liquibase.util.ShowSummaryUtil - UPDATE SUMMARY
2026-01-29 11:59:57.173 INFO  liquibase.util.ShowSummaryUtil - Run:                          2
2026-01-29 11:59:57.173 INFO  liquibase.util.ShowSummaryUtil - Previously run:               0
2026-01-29 11:59:57.173 INFO  liquibase.util.ShowSummaryUtil - Filtered out:                 0
2026-01-29 11:59:57.173 INFO  liquibase.util.ShowSummaryUtil - -------------------------------
2026-01-29 11:59:57.173 INFO  liquibase.util.ShowSummaryUtil - Total change sets:            2
2026-01-29 11:59:57.173 INFO  liquibase.util.ShowSummaryUtil - Update summary generated
2026-01-29 11:59:57.174 INFO  l.command.core.UpdateCommandStep - Update command completed successfully.
Liquibase: Update has been successful. Rows affected: 4
2026-01-29 11:59:57.174 DEBUG liquibase.executor.jvm.JdbcExecutor - Release Database Lock
2026-01-29 11:59:57.177 DEBUG l.e.jvm.ChangelogJdbcMdcListener - Changelog query completed.
2026-01-29 11:59:57.178 INFO  l.lockservice.StandardLockService - Successfully released change log lock
2026-01-29 11:59:57.179 INFO  liquibase.command.CommandScope - Command execution complete
2026-01-29 11:59:57.179 DEBUG LiquibaseScopeExample - Complete the test
2026-01-29 11:59:57.180 DEBUG DatabaseUtility - Found the changeset in the databasechangelog changeset2.sql
2026-01-29 11:59:57.181 DEBUG DatabaseUtility - Found the job in bonus CHIEF
Found results? true Job=CHIEF ChangesetId=changeset2.sql
2026-01-29 11:59:57.182 DEBUG DatabaseUtility - Found the changeset in the databasechangelog changeset2.sql
2026-01-29 11:59:57.183 DEBUG DatabaseUtility - Found the job in bonus CIO
Found results? true Job=CIO ChangesetId=changeset2.sql
SUCCESS
Start time is 2026-01-29 11:59:52:022
Total time to run is 0 days, 0 hours, 0 minutes, 5 seconds

Deprecated Gradle features were used in this build, making it incompatible with Gradle 9.0.

You can use '--warning-mode all' to show the individual deprecation warnings and determine if they come from your own scripts or plugins.

For more on this, please refer to https://docs.gradle.org/8.5/userguide/command_line_interface.html#sec:command_line_warnings in the Gradle documentation.

BUILD SUCCESSFUL in 6s
3 actionable tasks: 2 executed, 1 up-to-date
