> Task :compileJava UP-TO-DATE
> Task :processResources UP-TO-DATE
> Task :classes UP-TO-DATE

> Task :runOracle
================================================
Running Oracle Liquibase Example
================================================
Liquibase Version: 5.0.1
Database URL: jdbc:oracle:thin:@localhost:1521/ban83
Database Driver: oracle.jdbc.OracleDriver
================================================
Starting test for CommandScope method with Parameters upgradedemo testChangeset
2026-01-29 10:50:40.050 DEBUG l.s.StandardServiceLocator - Loaded liquibase.servicelocator.ServiceLocator instance liquibase.servicelocator.StandardServiceLocator
================================================
Liquibase Version: 5.0.1
================================================
Start time is 2026-01-29 10:50:40:056
Start test liquibase Scope 3 test changeset with parameters
2026-01-29 10:50:40.301 DEBUG DatabaseUtility - Database connection is set up.
2026-01-29 10:50:40.338 DEBUG DatabaseUtility - Test connection good 2026-JAN-29 15:50:40
2026-01-29 10:50:40.338 DEBUG DatabaseUtility - Step 1 set up connection is complete
2026-01-29 10:50:40.341 DEBUG DatabaseUtility - Removed the bonus record we create
2026-01-29 10:50:40.344 DEBUG DatabaseUtility - Remove the databasechangelog record we created
2026-01-29 10:50:40.345 DEBUG DatabaseUtility - Commit the deletes
Found results? false Job=null ChangesetId=null
Found results? false Job=null ChangesetId=null
2026-01-29 10:50:40.355 DEBUG LiquibaseScopeExample - Records were removed for example
2026-01-29 10:50:40.359 DEBUG l.s.StandardServiceLocator - Loaded liquibase.database.Database instance liquibase.database.core.CockroachDatabase
2026-01-29 10:50:40.360 DEBUG l.s.StandardServiceLocator - Loaded liquibase.database.Database instance liquibase.database.core.DB2Database
2026-01-29 10:50:40.360 DEBUG l.s.StandardServiceLocator - Loaded liquibase.database.Database instance liquibase.database.core.Db2zDatabase
2026-01-29 10:50:40.360 DEBUG l.s.StandardServiceLocator - Loaded liquibase.database.Database instance liquibase.database.core.DerbyDatabase
2026-01-29 10:50:40.360 DEBUG l.s.StandardServiceLocator - Loaded liquibase.database.Database instance liquibase.database.core.EnterpriseDBDatabase
2026-01-29 10:50:40.361 DEBUG l.s.StandardServiceLocator - Loaded liquibase.database.Database instance liquibase.database.core.FirebirdDatabase
2026-01-29 10:50:40.361 DEBUG l.s.StandardServiceLocator - Loaded liquibase.database.Database instance liquibase.database.core.H2Database
2026-01-29 10:50:40.361 DEBUG l.s.StandardServiceLocator - Loaded liquibase.database.Database instance liquibase.database.core.HsqlDatabase
2026-01-29 10:50:40.362 DEBUG l.s.StandardServiceLocator - Loaded liquibase.database.Database instance liquibase.database.core.InformixDatabase
2026-01-29 10:50:40.362 DEBUG l.s.StandardServiceLocator - Loaded liquibase.database.Database instance liquibase.database.core.Ingres9Database
2026-01-29 10:50:40.362 DEBUG l.s.StandardServiceLocator - Loaded liquibase.database.Database instance liquibase.database.core.MSSQLDatabase
2026-01-29 10:50:40.363 DEBUG l.s.StandardServiceLocator - Loaded liquibase.database.Database instance liquibase.database.core.MariaDBDatabase
2026-01-29 10:50:40.363 DEBUG l.s.StandardServiceLocator - Loaded liquibase.database.Database instance liquibase.database.core.MockDatabase
2026-01-29 10:50:40.364 DEBUG l.s.StandardServiceLocator - Loaded liquibase.database.Database instance liquibase.database.core.MySQLDatabase
2026-01-29 10:50:40.365 DEBUG l.s.StandardServiceLocator - Loaded liquibase.database.Database instance liquibase.database.core.OracleDatabase
2026-01-29 10:50:40.365 DEBUG l.s.StandardServiceLocator - Loaded liquibase.database.Database instance liquibase.database.core.PostgresDatabase
2026-01-29 10:50:40.365 DEBUG l.s.StandardServiceLocator - Loaded liquibase.database.Database instance liquibase.database.core.SQLiteDatabase
2026-01-29 10:50:40.365 DEBUG l.s.StandardServiceLocator - Loaded liquibase.database.Database instance liquibase.database.core.SybaseASADatabase
2026-01-29 10:50:40.365 DEBUG l.s.StandardServiceLocator - Loaded liquibase.database.Database instance liquibase.database.core.SybaseDatabase
2026-01-29 10:50:40.365 DEBUG l.s.StandardServiceLocator - Loaded liquibase.database.Database instance liquibase.database.core.UnsupportedDatabase
2026-01-29 10:50:40.366 DEBUG l.s.StandardServiceLocator - Loaded liquibase.database.Database instance liquibase.database.core.SnowflakeDatabase
2026-01-29 10:50:40.367 DEBUG l.s.StandardServiceLocator - Loaded liquibase.database.jvm.ConnectionPatterns instance liquibase.database.jvm.JdbcConnectionPatterns
2026-01-29 10:50:40.388 DEBUG l.c.LiquibaseConfiguration - No configuration value for liquibase.ddlLockTimeout aka ddl_lock_timeout aka liquibase.ddlLockTimeout aka liquibase.ddl_lock_timeout found
2026-01-29 10:50:40.388 DEBUG l.database.core.OracleDatabase - Connected to ELLMASTER@jdbc:oracle:thin:@localhost:1521/ban83
2026-01-29 10:50:40.389 DEBUG l.database.core.OracleDatabase - Setting auto commit to false from true
2026-01-29 10:50:40.390 DEBUG l.c.LiquibaseConfiguration - No configuration value for liquibase.preserveSchemaCase found
2026-01-29 10:50:40.390 DEBUG l.c.ConfigurationDefinition - Configuration liquibase.preserveSchemaCase is using the default value of false
2026-01-29 10:50:40.394 DEBUG l.database.core.OracleDatabase - Connected to ELLMASTER@jdbc:oracle:thin:@localhost:1521/ban83
2026-01-29 10:50:40.394 DEBUG l.database.core.OracleDatabase - Not adjusting the auto commit mode; it is already false
2026-01-29 10:50:40.396 DEBUG l.s.StandardServiceLocator - Loaded liquibase.executor.Executor instance liquibase.executor.jvm.JdbcExecutor
2026-01-29 10:50:40.396 DEBUG l.s.StandardServiceLocator - Loaded liquibase.executor.Executor instance liquibase.executor.jvm.SnowflakeJdbcExecutor
2026-01-29 10:50:40.398 DEBUG DatabaseUtility - Test Liq database connection good 2026-JAN-29 15:50:40
2026-01-29 10:50:40.398 DEBUG DatabaseUtility - Step 1a test Liq connection is complete
2026-01-29 10:50:40.398 DEBUG LiquibaseScopeExample - Liquibase Database is set up.
2026-01-29 10:50:40.400 DEBUG l.c.LiquibaseConfiguration - No configuration value for liquibase.databaseChangelogLockTableName aka liquibase.databaseChangeLogLockTableName found
2026-01-29 10:50:40.400 DEBUG l.c.ConfigurationDefinition - Configuration liquibase.databaseChangelogLockTableName is using the default value of DATABASECHANGELOGLOCK
2026-01-29 10:50:40.400 DEBUG l.c.LiquibaseConfiguration - No configuration value for liquibase.databaseChangelogTableName aka liquibase.databaseChangeLogTableName found
2026-01-29 10:50:40.400 DEBUG l.c.ConfigurationDefinition - Configuration liquibase.databaseChangelogTableName is using the default value of DATABASECHANGELOG
2026-01-29 10:50:40.401 DEBUG l.c.LiquibaseConfiguration - No configuration value for liquibase.supportPropertyEscaping aka enableEscaping found
2026-01-29 10:50:40.401 DEBUG l.c.ConfigurationDefinition - Configuration liquibase.supportPropertyEscaping is using the default value of false
2026-01-29 10:50:40.402 DEBUG l.resource.DirectoryResourceAccessor - Creating resourceAccessor for directory /Users/mhockett/liquibase/liquibase_java_example/testChangeset
2026-01-29 10:50:40.402 DEBUG l.c.LiquibaseConfiguration - No configuration value for liquibase.searchPath found
2026-01-29 10:50:40.402 DEBUG l.r.SearchPathResourceAccessor - Overall search path: 
  - /Users/mhockett/liquibase/liquibase_java_example/testChangeset
2026-01-29 10:50:40.403 DEBUG LiquibaseScopeExample - Set up class loader is complete
2026-01-29 10:50:40.408 DEBUG l.s.StandardServiceLocator - Loaded liquibase.command.CommandStep instance liquibase.command.core.ChangelogSyncCommandStep
2026-01-29 10:50:40.409 DEBUG l.s.StandardServiceLocator - Loaded liquibase.command.CommandStep instance liquibase.command.core.LpmCommandStep
2026-01-29 10:50:40.409 DEBUG l.s.StandardServiceLocator - Loaded liquibase.command.CommandStep instance liquibase.command.core.CalculateChecksumCommandStep
2026-01-29 10:50:40.410 DEBUG l.s.StandardServiceLocator - Loaded liquibase.command.CommandStep instance liquibase.command.core.FutureRollbackSqlCommandStep
2026-01-29 10:50:40.410 DEBUG l.s.StandardServiceLocator - Loaded liquibase.command.CommandStep instance liquibase.command.core.ChangelogSyncSqlCommandStep
2026-01-29 10:50:40.411 DEBUG l.s.StandardServiceLocator - Loaded liquibase.command.CommandStep instance liquibase.command.core.init.InitCopyCommandStep
2026-01-29 10:50:40.412 DEBUG l.s.StandardServiceLocator - Loaded liquibase.command.CommandStep instance liquibase.command.core.init.InitProjectCommandStep
2026-01-29 10:50:40.413 DEBUG l.s.StandardServiceLocator - Loaded liquibase.command.CommandStep instance liquibase.command.core.GenerateChangelogCommandStep
2026-01-29 10:50:40.415 DEBUG l.s.StandardServiceLocator - Loaded liquibase.command.CommandStep instance liquibase.command.core.RollbackCommandStep
2026-01-29 10:50:40.415 DEBUG l.s.StandardServiceLocator - Loaded liquibase.command.CommandStep instance liquibase.command.core.TagCommandStep
2026-01-29 10:50:40.415 DEBUG l.s.StandardServiceLocator - Loaded liquibase.command.CommandStep instance liquibase.command.core.ValidateCommandStep
2026-01-29 10:50:40.415 DEBUG l.s.StandardServiceLocator - Loaded liquibase.command.CommandStep instance liquibase.command.core.UnexpectedChangesetsCommandStep
2026-01-29 10:50:40.415 DEBUG l.s.StandardServiceLocator - Loaded liquibase.command.CommandStep instance liquibase.command.core.helpers.DbUrlConnectionArgumentsCommandStep
2026-01-29 10:50:40.415 DEBUG l.s.StandardServiceLocator - Loaded liquibase.command.CommandStep instance liquibase.command.core.helpers.ReferenceDbUrlConnectionCommandStep
2026-01-29 10:50:40.416 DEBUG l.s.StandardServiceLocator - Loaded liquibase.command.CommandStep instance liquibase.command.core.helpers.DatabaseChangelogCommandStep
2026-01-29 10:50:40.416 DEBUG l.s.StandardServiceLocator - Loaded liquibase.command.CommandStep instance liquibase.command.core.helpers.DiffOutputControlCommandStep
2026-01-29 10:50:40.416 DEBUG l.s.StandardServiceLocator - Loaded liquibase.command.CommandStep instance liquibase.command.core.helpers.ReferenceDatabaseOutputWriterCommandStep
2026-01-29 10:50:40.416 DEBUG l.s.StandardServiceLocator - Loaded liquibase.command.CommandStep instance liquibase.command.core.helpers.DbUrlConnectionCommandStep
2026-01-29 10:50:40.417 DEBUG l.s.StandardServiceLocator - Loaded liquibase.command.CommandStep instance liquibase.command.core.helpers.ShowSummaryArgument
2026-01-29 10:50:40.417 DEBUG l.s.StandardServiceLocator - Loaded liquibase.command.CommandStep instance liquibase.command.core.helpers.LockServiceCommandStep
2026-01-29 10:50:40.417 DEBUG l.s.StandardServiceLocator - Loaded liquibase.command.CommandStep instance liquibase.command.core.helpers.PreCompareCommandStep
2026-01-29 10:50:40.417 DEBUG l.s.StandardServiceLocator - Loaded liquibase.command.CommandStep instance liquibase.command.core.helpers.ChangeExecListenerCommandStep
2026-01-29 10:50:40.417 DEBUG l.s.StandardServiceLocator - Loaded liquibase.command.CommandStep instance liquibase.command.core.helpers.OutputWriterCommandStep
2026-01-29 10:50:40.418 DEBUG l.s.StandardServiceLocator - Loaded liquibase.command.CommandStep instance liquibase.command.core.helpers.DiffArgumentsCommandStep
2026-01-29 10:50:40.418 DEBUG l.s.StandardServiceLocator - Loaded liquibase.command.CommandStep instance liquibase.command.core.StatusCommandStep
2026-01-29 10:50:40.418 DEBUG l.s.StandardServiceLocator - Loaded liquibase.command.CommandStep instance liquibase.command.core.ChangelogSyncToTagSqlCommandStep
2026-01-29 10:50:40.418 DEBUG l.s.StandardServiceLocator - Loaded liquibase.command.CommandStep instance liquibase.command.core.MarkNextChangesetRanSqlCommandStep
2026-01-29 10:50:40.418 DEBUG l.s.StandardServiceLocator - Loaded liquibase.command.CommandStep instance liquibase.command.core.UpdateCountCommandStep
2026-01-29 10:50:40.418 DEBUG l.s.StandardServiceLocator - Loaded liquibase.command.CommandStep instance liquibase.command.core.UpdateTestingRollbackCommandStep
2026-01-29 10:50:40.419 DEBUG l.s.StandardServiceLocator - Loaded liquibase.command.CommandStep instance liquibase.command.core.UpdateCountSqlCommandStep
2026-01-29 10:50:40.419 DEBUG l.s.StandardServiceLocator - Loaded liquibase.command.CommandStep instance liquibase.command.core.DiffCommandStep
2026-01-29 10:50:40.420 DEBUG l.s.StandardServiceLocator - Loaded liquibase.command.CommandStep instance liquibase.command.core.UpdateToTagCommandStep
2026-01-29 10:50:40.420 DEBUG l.s.StandardServiceLocator - Loaded liquibase.command.CommandStep instance liquibase.command.core.ListLocksCommandStep
2026-01-29 10:50:40.420 DEBUG l.s.StandardServiceLocator - Loaded liquibase.command.CommandStep instance liquibase.command.core.SnapshotCommandStep
2026-01-29 10:50:40.421 DEBUG l.s.StandardServiceLocator - Loaded liquibase.command.CommandStep instance liquibase.command.core.HistoryCommandStep
2026-01-29 10:50:40.421 DEBUG l.s.StandardServiceLocator - Loaded liquibase.command.CommandStep instance liquibase.command.core.UpdateSqlCommandStep
2026-01-29 10:50:40.421 DEBUG l.s.StandardServiceLocator - Loaded liquibase.command.CommandStep instance liquibase.command.core.DropAllCommandStep
2026-01-29 10:50:40.422 DEBUG l.s.StandardServiceLocator - Loaded liquibase.command.CommandStep instance liquibase.command.core.DiffChangelogCommandStep
2026-01-29 10:50:40.422 DEBUG l.s.StandardServiceLocator - Loaded liquibase.command.CommandStep instance liquibase.command.core.RollbackCountSqlCommandStep
2026-01-29 10:50:40.422 DEBUG l.s.StandardServiceLocator - Loaded liquibase.command.CommandStep instance liquibase.command.core.FutureRollbackCountSqlCommandStep
2026-01-29 10:50:40.422 DEBUG l.s.StandardServiceLocator - Loaded liquibase.command.CommandStep instance liquibase.command.core.MarkNextChangesetRanCommandStep
2026-01-29 10:50:40.422 DEBUG l.s.StandardServiceLocator - Loaded liquibase.command.CommandStep instance liquibase.command.core.ClearChecksumsCommandStep
2026-01-29 10:50:40.422 DEBUG l.s.StandardServiceLocator - Loaded liquibase.command.CommandStep instance liquibase.command.core.InternalSnapshotCommandStep
2026-01-29 10:50:40.422 DEBUG l.s.StandardServiceLocator - Loaded liquibase.command.CommandStep instance liquibase.command.core.RollbackToDateCommandStep
2026-01-29 10:50:40.422 DEBUG l.s.StandardServiceLocator - Loaded liquibase.command.CommandStep instance liquibase.command.core.RollbackCountCommandStep
2026-01-29 10:50:40.422 DEBUG l.s.StandardServiceLocator - Loaded liquibase.command.CommandStep instance liquibase.command.core.SnapshotReferenceCommandStep
2026-01-29 10:50:40.423 DEBUG l.s.StandardServiceLocator - Loaded liquibase.command.CommandStep instance liquibase.command.core.RollbackSqlCommandStep
2026-01-29 10:50:40.423 DEBUG l.s.StandardServiceLocator - Loaded liquibase.command.CommandStep instance liquibase.command.core.UpdateToTagSqlCommandStep
2026-01-29 10:50:40.423 DEBUG l.s.StandardServiceLocator - Loaded liquibase.command.CommandStep instance liquibase.command.core.RollbackToDateSqlCommandStep
2026-01-29 10:50:40.423 DEBUG l.s.StandardServiceLocator - Loaded liquibase.command.CommandStep instance liquibase.command.core.ReleaseLocksCommandStep
2026-01-29 10:50:40.423 DEBUG l.s.StandardServiceLocator - Loaded liquibase.command.CommandStep instance liquibase.command.core.ChangelogSyncToTagCommandStep
2026-01-29 10:50:40.423 DEBUG l.s.StandardServiceLocator - Loaded liquibase.command.CommandStep instance liquibase.command.core.FutureRollbackFromTagSqlCommandStep
2026-01-29 10:50:40.423 DEBUG l.s.StandardServiceLocator - Loaded liquibase.command.CommandStep instance liquibase.command.core.TagExistsCommandStep
2026-01-29 10:50:40.424 DEBUG l.s.StandardServiceLocator - Loaded liquibase.command.CommandStep instance liquibase.command.core.StartH2CommandStep
2026-01-29 10:50:40.424 DEBUG l.s.StandardServiceLocator - Loaded liquibase.command.CommandStep instance liquibase.command.core.DbDocCommandStep
2026-01-29 10:50:40.424 DEBUG l.s.StandardServiceLocator - Loaded liquibase.command.CommandStep instance liquibase.command.core.ExecuteSqlCommandStep
2026-01-29 10:50:40.424 DEBUG l.s.StandardServiceLocator - Loaded liquibase.command.CommandStep instance liquibase.command.core.StopH2CommandStep
2026-01-29 10:50:40.424 DEBUG l.s.StandardServiceLocator - Loaded liquibase.command.CommandStep instance liquibase.command.core.UpdateCommandStep
2026-01-29 10:50:40.428 DEBUG l.s.StandardServiceLocator - Loaded liquibase.logging.mdc.MdcManager instance liquibase.logging.mdc.NoOpMdcManager
2026-01-29 10:50:40.431 DEBUG l.c.LiquibaseConfiguration - No configuration value for liquibase.strict found
2026-01-29 10:50:40.432 DEBUG l.c.ConfigurationDefinition - Configuration liquibase.strict is using the default value of false
2026-01-29 10:50:40.432 DEBUG l.c.LiquibaseConfiguration - No configuration value for liquibase.command.update.changeExecListener found
2026-01-29 10:50:40.432 DEBUG l.c.LiquibaseConfiguration - No configuration value for liquibase.command.changeExecListener found
2026-01-29 10:50:40.432 DEBUG l.c.LiquibaseConfiguration - No configuration value for liquibase.command.update.changeExecListenerClass found
2026-01-29 10:50:40.432 DEBUG l.c.LiquibaseConfiguration - No configuration value for liquibase.command.changeExecListenerClass found
2026-01-29 10:50:40.433 DEBUG l.c.LiquibaseConfiguration - No configuration value for liquibase.command.update.changeExecListenerPropertiesFile found
2026-01-29 10:50:40.433 DEBUG l.c.LiquibaseConfiguration - No configuration value for liquibase.command.changeExecListenerPropertiesFile found
2026-01-29 10:50:40.433 DEBUG l.c.LiquibaseConfiguration - Found 'liquibase.command.update.changelogFile' configuration of 'changelog.xml'
    command argument 'changelogFile' of 'changelog.xml'
2026-01-29 10:50:40.433 DEBUG l.c.LiquibaseConfiguration - Found 'liquibase.command.update.changelogParameters' configuration of 'liquibase.changelog.ChangeLogParameters@7e70bd39'
    command argument 'changelogParameters' of 'liquibase.changelog.ChangeLogParameters@7e70bd39'
2026-01-29 10:50:40.434 DEBUG l.c.LiquibaseConfiguration - No configuration value for liquibase.command.update.contextFilter aka liquibase.command.update.contexts found
2026-01-29 10:50:40.434 DEBUG l.c.LiquibaseConfiguration - No configuration value for liquibase.command.contextFilter aka liquibase.command.contexts found
2026-01-29 10:50:40.435 DEBUG l.c.LiquibaseConfiguration - Found 'liquibase.command.update.database' configuration of 'ELLMASTER @ jdbc:oracle:thin:@localhost:1521/ban83 (Default Schema: SCOTT)'
    command argument 'database' of 'ELLMASTER @ jdbc:oracle:thin:@localhost:1521/ban83 (Default Schema: SCOTT)'
2026-01-29 10:50:40.435 DEBUG l.c.LiquibaseConfiguration - No configuration value for liquibase.command.update.databaseChangelog found
2026-01-29 10:50:40.435 DEBUG l.c.LiquibaseConfiguration - No configuration value for liquibase.command.databaseChangelog found
2026-01-29 10:50:40.435 DEBUG l.c.LiquibaseConfiguration - No configuration value for liquibase.command.update.defaultCatalogName found
2026-01-29 10:50:40.435 DEBUG l.c.LiquibaseConfiguration - No configuration value for liquibase.command.defaultCatalogName found
2026-01-29 10:50:40.435 DEBUG l.c.LiquibaseConfiguration - No configuration value for liquibase.command.update.defaultSchemaName found
2026-01-29 10:50:40.436 DEBUG l.c.LiquibaseConfiguration - No configuration value for liquibase.command.defaultSchemaName found
2026-01-29 10:50:40.436 DEBUG l.c.LiquibaseConfiguration - No configuration value for liquibase.command.update.driver found
2026-01-29 10:50:40.436 DEBUG l.c.LiquibaseConfiguration - No configuration value for liquibase.command.driver found
2026-01-29 10:50:40.436 DEBUG l.c.LiquibaseConfiguration - No configuration value for liquibase.command.update.driverPropertiesFile found
2026-01-29 10:50:40.436 DEBUG l.c.LiquibaseConfiguration - No configuration value for liquibase.command.driverPropertiesFile found
2026-01-29 10:50:40.436 DEBUG l.c.LiquibaseConfiguration - No configuration value for liquibase.command.update.labelFilter aka liquibase.command.update.labels found
2026-01-29 10:50:40.437 DEBUG l.c.LiquibaseConfiguration - No configuration value for liquibase.command.labelFilter aka liquibase.command.labels found
2026-01-29 10:50:40.437 DEBUG l.c.LiquibaseConfiguration - No configuration value for liquibase.command.update.password found
2026-01-29 10:50:40.437 DEBUG l.c.LiquibaseConfiguration - No configuration value for liquibase.command.password found
2026-01-29 10:50:40.437 DEBUG l.c.LiquibaseConfiguration - No configuration value for liquibase.command.update.showSummary found
2026-01-29 10:50:40.437 DEBUG l.c.ConfigurationDefinition - Configuration liquibase.command.update.showSummary is using the default value of SUMMARY
2026-01-29 10:50:40.437 DEBUG l.c.LiquibaseConfiguration - No configuration value for liquibase.command.showSummary found
2026-01-29 10:50:40.437 DEBUG l.c.ConfigurationDefinition - Configuration liquibase.command.showSummary is using the default value of SUMMARY
2026-01-29 10:50:40.437 DEBUG l.c.LiquibaseConfiguration - Found 'liquibase.command.update.showSummaryOutput' configuration of 'LOG'
    command argument 'showSummaryOutput' of 'LOG'
2026-01-29 10:50:40.438 DEBUG l.c.LiquibaseConfiguration - No configuration value for liquibase.command.update.skipDatabaseStep found
2026-01-29 10:50:40.438 DEBUG l.c.ConfigurationDefinition - Configuration liquibase.command.update.skipDatabaseStep is using the default value of false
2026-01-29 10:50:40.438 DEBUG l.c.LiquibaseConfiguration - No configuration value for liquibase.command.skipDatabaseStep found
2026-01-29 10:50:40.438 DEBUG l.c.ConfigurationDefinition - Configuration liquibase.command.skipDatabaseStep is using the default value of false
2026-01-29 10:50:40.438 DEBUG l.c.LiquibaseConfiguration - No configuration value for liquibase.command.update.updateNullChecksums found
2026-01-29 10:50:40.438 DEBUG l.c.ConfigurationDefinition - Configuration liquibase.command.update.updateNullChecksums is using the default value of false
2026-01-29 10:50:40.438 DEBUG l.c.LiquibaseConfiguration - No configuration value for liquibase.command.updateNullChecksums found
2026-01-29 10:50:40.438 DEBUG l.c.ConfigurationDefinition - Configuration liquibase.command.updateNullChecksums is using the default value of false
2026-01-29 10:50:40.438 DEBUG l.c.LiquibaseConfiguration - No configuration value for liquibase.command.update.url found
2026-01-29 10:50:40.438 DEBUG l.c.LiquibaseConfiguration - No configuration value for liquibase.command.url found
2026-01-29 10:50:40.439 DEBUG l.c.LiquibaseConfiguration - No configuration value for liquibase.command.update.username found
2026-01-29 10:50:40.439 DEBUG l.c.LiquibaseConfiguration - No configuration value for liquibase.command.username found
2026-01-29 10:50:40.439 DEBUG liquibase.command.CommandScope - Pipeline for command 'update: liquibase.command.core.helpers.DbUrlConnectionArgumentsCommandStep then liquibase.command.core.helpers.ShowSummaryArgument then liquibase.command.core.helpers.DbUrlConnectionCommandStep then liquibase.command.core.helpers.DatabaseChangelogCommandStep then liquibase.command.core.helpers.ChangeExecListenerCommandStep then liquibase.command.core.UpdateCommandStep
2026-01-29 10:50:40.439 DEBUG l.c.LiquibaseConfiguration - No configuration value for liquibase.outputFile found
2026-01-29 10:50:40.439 DEBUG l.c.LiquibaseConfiguration - No configuration value for liquibase.outputFileEncoding found
2026-01-29 10:50:40.439 DEBUG l.c.ConfigurationDefinition - Configuration liquibase.outputFileEncoding is using the default value of UTF-8
2026-01-29 10:50:40.439 DEBUG liquibase.command.CommandScope - Writing output with encoding 'UTF-8'
2026-01-29 10:50:40.439 DEBUG liquibase.command.CommandScope - Executing internal command dbUrlConnectionArguments
2026-01-29 10:50:40.440 DEBUG liquibase.command.CommandScope - Executing internal command showSummary
2026-01-29 10:50:40.440 DEBUG l.c.ConfigurationDefinition - Configuration liquibase.command.update.showSummary is using the default value of SUMMARY
2026-01-29 10:50:40.440 DEBUG l.c.ConfigurationDefinition - Configuration liquibase.command.showSummary is using the default value of SUMMARY
2026-01-29 10:50:40.440 DEBUG liquibase.command.CommandScope - Executing internal command dbUrlConnectionCommandStep
2026-01-29 10:50:40.440 DEBUG l.c.ConfigurationDefinition - Configuration liquibase.command.update.skipDatabaseStep is using the default value of false
2026-01-29 10:50:40.440 DEBUG l.c.ConfigurationDefinition - Configuration liquibase.command.skipDatabaseStep is using the default value of false
2026-01-29 10:50:40.441 DEBUG l.c.LiquibaseConfiguration - No configuration value for liquibase.license.tracking.enabled aka liquibase.license.utility.enabled found
2026-01-29 10:50:40.441 DEBUG l.c.ConfigurationDefinition - Configuration liquibase.license.tracking.enabled is using the default value of false
2026-01-29 10:50:40.441 DEBUG liquibase.command.CommandScope - Executing internal command changelogCommandStep
2026-01-29 10:50:40.445 DEBUG l.s.StandardServiceLocator - Loaded liquibase.parser.ChangeLogParser instance liquibase.parser.core.formattedsql.FormattedSqlChangeLogParser
2026-01-29 10:50:40.447 DEBUG l.s.StandardServiceLocator - Loaded liquibase.parser.ChangeLogParser instance liquibase.parser.core.json.JsonChangeLogParser
2026-01-29 10:50:40.447 DEBUG l.s.StandardServiceLocator - Loaded liquibase.parser.ChangeLogParser instance liquibase.parser.core.sql.SqlChangeLogParser
2026-01-29 10:50:40.449 DEBUG l.c.LiquibaseConfiguration - No configuration value for liquibase.validateXmlChangelogFiles found
2026-01-29 10:50:40.449 DEBUG l.c.ConfigurationDefinition - Configuration liquibase.validateXmlChangelogFiles is using the default value of true
2026-01-29 10:50:40.449 DEBUG l.c.LiquibaseConfiguration - No configuration value for liquibase.secureParsing found
2026-01-29 10:50:40.449 DEBUG l.c.ConfigurationDefinition - Configuration liquibase.secureParsing is using the default value of true
2026-01-29 10:50:40.449 DEBUG l.s.StandardServiceLocator - Loaded liquibase.parser.ChangeLogParser instance liquibase.parser.core.xml.XMLChangeLogSAXParser
2026-01-29 10:50:40.449 DEBUG l.s.StandardServiceLocator - Loaded liquibase.parser.ChangeLogParser instance liquibase.parser.core.yaml.YamlChangeLogParser
2026-01-29 10:50:40.450 DEBUG l.parser.ChangeLogParserFactory - Matched file 'changelog.xml' to parser 'XMLChangeLogSAXParser'
2026-01-29 10:50:40.454 DEBUG l.s.StandardServiceLocator - Loaded liquibase.precondition.Precondition instance liquibase.precondition.CustomPreconditionWrapper
2026-01-29 10:50:40.454 DEBUG l.s.StandardServiceLocator - Loaded liquibase.precondition.Precondition instance liquibase.precondition.core.AndPrecondition
2026-01-29 10:50:40.454 DEBUG l.s.StandardServiceLocator - Loaded liquibase.precondition.Precondition instance liquibase.precondition.core.ChangeLogPropertyDefinedPrecondition
2026-01-29 10:50:40.454 DEBUG l.s.StandardServiceLocator - Loaded liquibase.precondition.Precondition instance liquibase.precondition.core.ChangeSetExecutedPrecondition
2026-01-29 10:50:40.454 DEBUG l.s.StandardServiceLocator - Loaded liquibase.precondition.Precondition instance liquibase.precondition.core.ColumnExistsPrecondition
2026-01-29 10:50:40.454 DEBUG l.s.StandardServiceLocator - Loaded liquibase.precondition.Precondition instance liquibase.precondition.core.DBMSPrecondition
2026-01-29 10:50:40.454 DEBUG l.s.StandardServiceLocator - Loaded liquibase.precondition.Precondition instance liquibase.precondition.core.ForeignKeyExistsPrecondition
2026-01-29 10:50:40.454 DEBUG l.s.StandardServiceLocator - Loaded liquibase.precondition.Precondition instance liquibase.precondition.core.IndexExistsPrecondition
2026-01-29 10:50:40.454 DEBUG l.s.StandardServiceLocator - Loaded liquibase.precondition.Precondition instance liquibase.precondition.core.NotPrecondition
2026-01-29 10:50:40.454 DEBUG l.s.StandardServiceLocator - Loaded liquibase.precondition.Precondition instance liquibase.precondition.core.ObjectQuotingStrategyPrecondition
2026-01-29 10:50:40.455 DEBUG l.s.StandardServiceLocator - Loaded liquibase.precondition.Precondition instance liquibase.precondition.core.OrPrecondition
2026-01-29 10:50:40.455 DEBUG l.s.StandardServiceLocator - Loaded liquibase.precondition.Precondition instance liquibase.precondition.core.PreconditionContainer
2026-01-29 10:50:40.455 DEBUG l.s.StandardServiceLocator - Loaded liquibase.precondition.Precondition instance liquibase.precondition.core.PrimaryKeyExistsPrecondition
2026-01-29 10:50:40.455 DEBUG l.s.StandardServiceLocator - Loaded liquibase.precondition.Precondition instance liquibase.precondition.core.RowCountPrecondition
2026-01-29 10:50:40.455 DEBUG l.s.StandardServiceLocator - Loaded liquibase.precondition.Precondition instance liquibase.precondition.core.RunningAsPrecondition
2026-01-29 10:50:40.455 DEBUG l.s.StandardServiceLocator - Loaded liquibase.precondition.Precondition instance liquibase.precondition.core.SequenceExistsPrecondition
2026-01-29 10:50:40.455 DEBUG l.s.StandardServiceLocator - Loaded liquibase.precondition.Precondition instance liquibase.precondition.core.SqlPrecondition
2026-01-29 10:50:40.455 DEBUG l.s.StandardServiceLocator - Loaded liquibase.precondition.Precondition instance liquibase.precondition.core.TableExistsPrecondition
2026-01-29 10:50:40.455 DEBUG l.s.StandardServiceLocator - Loaded liquibase.precondition.Precondition instance liquibase.precondition.core.TableIsEmptyPrecondition
2026-01-29 10:50:40.455 DEBUG l.s.StandardServiceLocator - Loaded liquibase.precondition.Precondition instance liquibase.precondition.core.UniqueConstraintExistsPrecondition
2026-01-29 10:50:40.455 DEBUG l.s.StandardServiceLocator - Loaded liquibase.precondition.Precondition instance liquibase.precondition.core.ViewExistsPrecondition
2026-01-29 10:50:40.470 DEBUG l.p.core.xml.LiquibaseEntityResolver - Resolving XML entity name='null', publicId='null', baseURI='null', systemId='http://www.liquibase.org/xml/ns/dbchangelog/dbchangelog-1.9.xsd'
2026-01-29 10:50:40.488 DEBUG l.c.LiquibaseConfiguration - No configuration value for liquibase.preserveClasspathPrefixInNormalizedPaths found
2026-01-29 10:50:40.488 DEBUG l.c.ConfigurationDefinition - Configuration liquibase.preserveClasspathPrefixInNormalizedPaths is using the default value of false
2026-01-29 10:50:40.491 DEBUG l.c.LiquibaseConfiguration - No configuration value for liquibase.fileEncoding found
2026-01-29 10:50:40.491 DEBUG l.c.ConfigurationDefinition - Configuration liquibase.fileEncoding is using the default value of UTF-8
2026-01-29 10:50:40.491 DEBUG l.parser.ChangeLogParserFactory - Matched file 'changeset.sql' to parser 'FormattedSqlChangeLogParser'
2026-01-29 10:50:40.492 DEBUG l.s.StandardServiceLocator - Loaded liquibase.license.LicenseService instance liquibase.license.OSSLicenseService
2026-01-29 10:50:40.493 DEBUG l.p.c.f.FormattedSqlChangeLogParser - Matched attribute 'logicalFilePath' = 'changeset.sql'
2026-01-29 10:50:40.493 DEBUG l.p.AbstractFormattedChangeLogParser - Matched attribute 'changeSetID' = 'changeset.sql'
2026-01-29 10:50:40.493 DEBUG l.p.AbstractFormattedChangeLogParser - Matched attribute 'changeSetAuthor' = 'scott'
2026-01-29 10:50:40.493 DEBUG l.s.StandardServiceLocator - Loaded liquibase.changeset.ChangeSetService instance liquibase.changeset.StandardChangeSetService
2026-01-29 10:50:40.494 DEBUG l.p.c.f.FormattedSqlChangeLogParser - Matched attribute 'splitStatements' = 'true'
2026-01-29 10:50:40.494 DEBUG l.p.c.f.FormattedSqlChangeLogParser - Matched attribute 'stripComments' = 'false'
2026-01-29 10:50:40.495 DEBUG l.s.StandardServiceLocator - Loaded liquibase.changelog.ChangeLogHistoryService instance liquibase.changelog.MockChangeLogHistoryService
2026-01-29 10:50:40.496 DEBUG l.s.StandardServiceLocator - Loaded liquibase.changelog.ChangeLogHistoryService instance liquibase.changelog.StandardChangeLogHistoryService
2026-01-29 10:50:40.497 DEBUG l.s.StandardServiceLocator - Loaded liquibase.snapshot.SnapshotGenerator instance liquibase.snapshot.jvm.CatalogSnapshotGenerator
2026-01-29 10:50:40.498 DEBUG l.s.StandardServiceLocator - Loaded liquibase.snapshot.SnapshotGenerator instance liquibase.snapshot.jvm.ColumnSnapshotGenerator
2026-01-29 10:50:40.498 DEBUG l.s.StandardServiceLocator - Loaded liquibase.snapshot.SnapshotGenerator instance liquibase.snapshot.jvm.ColumnSnapshotGeneratorH2
2026-01-29 10:50:40.498 DEBUG l.s.StandardServiceLocator - Loaded liquibase.snapshot.SnapshotGenerator instance liquibase.snapshot.jvm.ColumnSnapshotGeneratorInformix
2026-01-29 10:50:40.498 DEBUG l.s.StandardServiceLocator - Loaded liquibase.snapshot.SnapshotGenerator instance liquibase.snapshot.jvm.ColumnSnapshotGeneratorOracle
2026-01-29 10:50:40.498 DEBUG l.s.StandardServiceLocator - Loaded liquibase.snapshot.SnapshotGenerator instance liquibase.snapshot.jvm.DataSnapshotGenerator
2026-01-29 10:50:40.499 DEBUG l.s.StandardServiceLocator - Loaded liquibase.snapshot.SnapshotGenerator instance liquibase.snapshot.jvm.ForeignKeySnapshotGenerator
2026-01-29 10:50:40.499 DEBUG l.s.StandardServiceLocator - Loaded liquibase.snapshot.SnapshotGenerator instance liquibase.snapshot.jvm.IndexSnapshotGenerator
2026-01-29 10:50:40.499 DEBUG l.s.StandardServiceLocator - Loaded liquibase.snapshot.SnapshotGenerator instance liquibase.snapshot.jvm.PrimaryKeySnapshotGenerator
2026-01-29 10:50:40.499 DEBUG l.s.StandardServiceLocator - Loaded liquibase.snapshot.SnapshotGenerator instance liquibase.snapshot.jvm.SchemaSnapshotGenerator
2026-01-29 10:50:40.500 DEBUG l.s.StandardServiceLocator - Loaded liquibase.snapshot.SnapshotGenerator instance liquibase.snapshot.jvm.SequenceSnapshotGenerator
2026-01-29 10:50:40.500 DEBUG l.s.StandardServiceLocator - Loaded liquibase.snapshot.SnapshotGenerator instance liquibase.snapshot.jvm.TableSnapshotGenerator
2026-01-29 10:50:40.500 DEBUG l.s.StandardServiceLocator - Loaded liquibase.snapshot.SnapshotGenerator instance liquibase.snapshot.jvm.UniqueConstraintSnapshotGenerator
2026-01-29 10:50:40.500 DEBUG l.s.StandardServiceLocator - Loaded liquibase.snapshot.SnapshotGenerator instance liquibase.snapshot.jvm.ViewSnapshotGenerator
2026-01-29 10:50:40.500 DEBUG l.s.StandardServiceLocator - Loaded liquibase.snapshot.SnapshotGenerator instance liquibase.snapshot.jvm.SchemaSnapshotGeneratorSnowflake
2026-01-29 10:50:40.500 DEBUG l.s.StandardServiceLocator - Loaded liquibase.snapshot.SnapshotGenerator instance liquibase.snapshot.jvm.SequenceSnapshotGeneratorSnowflake
2026-01-29 10:50:40.500 DEBUG l.s.StandardServiceLocator - Loaded liquibase.snapshot.SnapshotGenerator instance liquibase.snapshot.jvm.UniqueConstraintSnapshotGeneratorSnowflake
2026-01-29 10:50:40.501 DEBUG l.c.LiquibaseConfiguration - No configuration value for liquibase.supportsMethodValidationLevel found
2026-01-29 10:50:40.501 DEBUG l.c.ConfigurationDefinition - Configuration liquibase.supportsMethodValidationLevel is using the default value of WARN
2026-01-29 10:50:40.502 DEBUG l.s.StandardServiceLocator - Loaded liquibase.database.LiquibaseTableNames instance liquibase.database.StandardLiquibaseTableNames
2026-01-29 10:50:40.505 DEBUG l.s.StandardServiceLocator - Loaded liquibase.diff.compare.DatabaseObjectComparator instance liquibase.diff.compare.core.CatalogComparator
2026-01-29 10:50:40.505 DEBUG l.s.StandardServiceLocator - Loaded liquibase.diff.compare.DatabaseObjectComparator instance liquibase.diff.compare.core.ColumnComparator
2026-01-29 10:50:40.505 DEBUG l.s.StandardServiceLocator - Loaded liquibase.diff.compare.DatabaseObjectComparator instance liquibase.diff.compare.core.DefaultDatabaseObjectComparator
2026-01-29 10:50:40.505 DEBUG l.s.StandardServiceLocator - Loaded liquibase.diff.compare.DatabaseObjectComparator instance liquibase.diff.compare.core.ForeignKeyComparator
2026-01-29 10:50:40.505 DEBUG l.s.StandardServiceLocator - Loaded liquibase.diff.compare.DatabaseObjectComparator instance liquibase.diff.compare.core.IndexComparator
2026-01-29 10:50:40.505 DEBUG l.s.StandardServiceLocator - Loaded liquibase.diff.compare.DatabaseObjectComparator instance liquibase.diff.compare.core.PrimaryKeyComparator
2026-01-29 10:50:40.505 DEBUG l.s.StandardServiceLocator - Loaded liquibase.diff.compare.DatabaseObjectComparator instance liquibase.diff.compare.core.SchemaComparator
2026-01-29 10:50:40.506 DEBUG l.s.StandardServiceLocator - Loaded liquibase.diff.compare.DatabaseObjectComparator instance liquibase.diff.compare.core.TableComparator
2026-01-29 10:50:40.506 DEBUG l.s.StandardServiceLocator - Loaded liquibase.diff.compare.DatabaseObjectComparator instance liquibase.diff.compare.core.UniqueConstraintComparator
2026-01-29 10:50:40.506 DEBUG l.c.LiquibaseConfiguration - No configuration value for liquibase.includeCatalogInSpecification found
2026-01-29 10:50:40.506 DEBUG l.c.ConfigurationDefinition - Configuration liquibase.includeCatalogInSpecification is using the default value of false
2026-01-29 10:50:40.507 DEBUG liquibase.util.MD5Util - Computed checksum for 1769701840507 as a36687d063966169e7743e4c337b09ad
2026-01-29 10:50:40.825 DEBUG l.c.LiquibaseConfiguration - No configuration value for liquibase.sql.alwaysSetFetchSize found
2026-01-29 10:50:40.825 DEBUG l.c.ConfigurationDefinition - Configuration liquibase.sql.alwaysSetFetchSize is using the default value of true
2026-01-29 10:50:40.828 DEBUG l.s.StandardServiceLocator - Loaded liquibase.sqlgenerator.SqlGenerator instance liquibase.sqlgenerator.core.AddAutoIncrementGenerator
2026-01-29 10:50:40.829 DEBUG l.s.StandardServiceLocator - Loaded liquibase.sqlgenerator.SqlGenerator instance liquibase.sqlgenerator.core.AddAutoIncrementGeneratorDB2
2026-01-29 10:50:40.829 DEBUG l.s.StandardServiceLocator - Loaded liquibase.sqlgenerator.SqlGenerator instance liquibase.sqlgenerator.core.AddAutoIncrementGeneratorHsqlH2
2026-01-29 10:50:40.829 DEBUG l.s.StandardServiceLocator - Loaded liquibase.sqlgenerator.SqlGenerator instance liquibase.sqlgenerator.core.AddAutoIncrementGeneratorInformix
2026-01-29 10:50:40.830 DEBUG l.s.StandardServiceLocator - Loaded liquibase.sqlgenerator.SqlGenerator instance liquibase.sqlgenerator.core.AddAutoIncrementGeneratorMySQL
2026-01-29 10:50:40.830 DEBUG l.s.StandardServiceLocator - Loaded liquibase.sqlgenerator.SqlGenerator instance liquibase.sqlgenerator.core.AddAutoIncrementGeneratorSQLite
2026-01-29 10:50:40.831 DEBUG l.s.StandardServiceLocator - Loaded liquibase.sqlgenerator.SqlGenerator instance liquibase.sqlgenerator.core.AddColumnGenerator
2026-01-29 10:50:40.832 DEBUG l.s.StandardServiceLocator - Loaded liquibase.sqlgenerator.SqlGenerator instance liquibase.sqlgenerator.core.AddColumnGeneratorDefaultClauseBeforeNotNull
2026-01-29 10:50:40.832 DEBUG l.s.StandardServiceLocator - Loaded liquibase.sqlgenerator.SqlGenerator instance liquibase.sqlgenerator.core.AddColumnGeneratorSQLite
2026-01-29 10:50:40.833 DEBUG l.s.StandardServiceLocator - Loaded liquibase.sqlgenerator.SqlGenerator instance liquibase.sqlgenerator.core.AddDefaultValueGenerator
2026-01-29 10:50:40.833 DEBUG l.s.StandardServiceLocator - Loaded liquibase.sqlgenerator.SqlGenerator instance liquibase.sqlgenerator.core.AddDefaultValueGeneratorDerby
2026-01-29 10:50:40.834 DEBUG l.s.StandardServiceLocator - Loaded liquibase.sqlgenerator.SqlGenerator instance liquibase.sqlgenerator.core.AddDefaultValueGeneratorHsqldb
2026-01-29 10:50:40.834 DEBUG l.s.StandardServiceLocator - Loaded liquibase.sqlgenerator.SqlGenerator instance liquibase.sqlgenerator.core.AddDefaultValueGeneratorInformix
2026-01-29 10:50:40.834 DEBUG l.s.StandardServiceLocator - Loaded liquibase.sqlgenerator.SqlGenerator instance liquibase.sqlgenerator.core.AddDefaultValueGeneratorMSSQL
2026-01-29 10:50:40.834 DEBUG l.s.StandardServiceLocator - Loaded liquibase.sqlgenerator.SqlGenerator instance liquibase.sqlgenerator.core.AddDefaultValueGeneratorMySQL
2026-01-29 10:50:40.834 DEBUG l.s.StandardServiceLocator - Loaded liquibase.sqlgenerator.SqlGenerator instance liquibase.sqlgenerator.core.AddDefaultValueGeneratorOracle
2026-01-29 10:50:40.834 DEBUG l.s.StandardServiceLocator - Loaded liquibase.sqlgenerator.SqlGenerator instance liquibase.sqlgenerator.core.AddDefaultValueGeneratorPostgres
2026-01-29 10:50:40.835 DEBUG l.s.StandardServiceLocator - Loaded liquibase.sqlgenerator.SqlGenerator instance liquibase.sqlgenerator.core.AddDefaultValueGeneratorSQLite
2026-01-29 10:50:40.835 DEBUG l.s.StandardServiceLocator - Loaded liquibase.sqlgenerator.SqlGenerator instance liquibase.sqlgenerator.core.AddDefaultValueGeneratorSybase
2026-01-29 10:50:40.835 DEBUG l.s.StandardServiceLocator - Loaded liquibase.sqlgenerator.SqlGenerator instance liquibase.sqlgenerator.core.AddDefaultValueGeneratorSybaseASA
2026-01-29 10:50:40.836 DEBUG l.s.StandardServiceLocator - Loaded liquibase.sqlgenerator.SqlGenerator instance liquibase.sqlgenerator.core.AddForeignKeyConstraintGenerator
2026-01-29 10:50:40.836 DEBUG l.s.StandardServiceLocator - Loaded liquibase.sqlgenerator.SqlGenerator instance liquibase.sqlgenerator.core.AddPrimaryKeyGenerator
2026-01-29 10:50:40.836 DEBUG l.s.StandardServiceLocator - Loaded liquibase.sqlgenerator.SqlGenerator instance liquibase.sqlgenerator.core.AddPrimaryKeyGeneratorInformix
2026-01-29 10:50:40.836 DEBUG l.s.StandardServiceLocator - Loaded liquibase.sqlgenerator.SqlGenerator instance liquibase.sqlgenerator.core.AddUniqueConstraintGenerator
2026-01-29 10:50:40.837 DEBUG l.s.StandardServiceLocator - Loaded liquibase.sqlgenerator.SqlGenerator instance liquibase.sqlgenerator.core.AddUniqueConstraintGeneratorInformix
2026-01-29 10:50:40.837 DEBUG l.s.StandardServiceLocator - Loaded liquibase.sqlgenerator.SqlGenerator instance liquibase.sqlgenerator.core.AddUniqueConstraintGeneratorTDS
2026-01-29 10:50:40.837 DEBUG l.s.StandardServiceLocator - Loaded liquibase.sqlgenerator.SqlGenerator instance liquibase.sqlgenerator.core.AlterSequenceGenerator
2026-01-29 10:50:40.837 DEBUG l.s.StandardServiceLocator - Loaded liquibase.sqlgenerator.SqlGenerator instance liquibase.sqlgenerator.core.BatchDmlExecutablePreparedStatementGenerator
2026-01-29 10:50:40.837 DEBUG l.s.StandardServiceLocator - Loaded liquibase.sqlgenerator.SqlGenerator instance liquibase.sqlgenerator.core.ClearDatabaseChangeLogTableGenerator
2026-01-29 10:50:40.837 DEBUG l.s.StandardServiceLocator - Loaded liquibase.sqlgenerator.SqlGenerator instance liquibase.sqlgenerator.core.CommentGenerator
2026-01-29 10:50:40.837 DEBUG l.s.StandardServiceLocator - Loaded liquibase.sqlgenerator.SqlGenerator instance liquibase.sqlgenerator.core.CopyRowsGenerator
2026-01-29 10:50:40.837 DEBUG l.s.StandardServiceLocator - Loaded liquibase.sqlgenerator.SqlGenerator instance liquibase.sqlgenerator.core.CreateDatabaseChangeLogLockTableGenerator
2026-01-29 10:50:40.838 DEBUG l.s.StandardServiceLocator - Loaded liquibase.sqlgenerator.SqlGenerator instance liquibase.sqlgenerator.core.CreateDatabaseChangeLogTableGenerator
2026-01-29 10:50:40.838 DEBUG l.s.StandardServiceLocator - Loaded liquibase.sqlgenerator.SqlGenerator instance liquibase.sqlgenerator.core.CreateDatabaseChangeLogTableGeneratorSybase
2026-01-29 10:50:40.839 DEBUG l.s.StandardServiceLocator - Loaded liquibase.sqlgenerator.SqlGenerator instance liquibase.sqlgenerator.core.CreateIndexGenerator
2026-01-29 10:50:40.839 DEBUG l.s.StandardServiceLocator - Loaded liquibase.sqlgenerator.SqlGenerator instance liquibase.sqlgenerator.core.CreateIndexGeneratorFirebird
2026-01-29 10:50:40.840 DEBUG l.s.StandardServiceLocator - Loaded liquibase.sqlgenerator.SqlGenerator instance liquibase.sqlgenerator.core.CreateIndexGeneratorPostgres
2026-01-29 10:50:40.840 DEBUG l.s.StandardServiceLocator - Loaded liquibase.sqlgenerator.SqlGenerator instance liquibase.sqlgenerator.core.CreateProcedureGenerator
2026-01-29 10:50:40.841 DEBUG l.s.StandardServiceLocator - Loaded liquibase.sqlgenerator.SqlGenerator instance liquibase.sqlgenerator.core.CreateSequenceGenerator
2026-01-29 10:50:40.841 DEBUG l.s.StandardServiceLocator - Loaded liquibase.sqlgenerator.SqlGenerator instance liquibase.sqlgenerator.core.CreateTableGenerator
2026-01-29 10:50:40.841 DEBUG l.s.StandardServiceLocator - Loaded liquibase.sqlgenerator.SqlGenerator instance liquibase.sqlgenerator.core.CreateTableGeneratorInformix
2026-01-29 10:50:40.842 DEBUG l.s.StandardServiceLocator - Loaded liquibase.sqlgenerator.SqlGenerator instance liquibase.sqlgenerator.core.CreateViewGenerator
2026-01-29 10:50:40.842 DEBUG l.s.StandardServiceLocator - Loaded liquibase.sqlgenerator.SqlGenerator instance liquibase.sqlgenerator.core.CreateViewGeneratorInformix
2026-01-29 10:50:40.842 DEBUG l.s.StandardServiceLocator - Loaded liquibase.sqlgenerator.SqlGenerator instance liquibase.sqlgenerator.core.DeleteGenerator
2026-01-29 10:50:40.842 DEBUG l.s.StandardServiceLocator - Loaded liquibase.sqlgenerator.SqlGenerator instance liquibase.sqlgenerator.core.DropColumnGenerator
2026-01-29 10:50:40.842 DEBUG l.s.StandardServiceLocator - Loaded liquibase.sqlgenerator.SqlGenerator instance liquibase.sqlgenerator.core.DropDefaultValueGenerator
2026-01-29 10:50:40.842 DEBUG l.s.StandardServiceLocator - Loaded liquibase.sqlgenerator.SqlGenerator instance liquibase.sqlgenerator.core.DropForeignKeyConstraintGenerator
2026-01-29 10:50:40.842 DEBUG l.s.StandardServiceLocator - Loaded liquibase.sqlgenerator.SqlGenerator instance liquibase.sqlgenerator.core.DropIndexGenerator
2026-01-29 10:50:40.843 DEBUG l.s.StandardServiceLocator - Loaded liquibase.sqlgenerator.SqlGenerator instance liquibase.sqlgenerator.core.DropPrimaryKeyGenerator
2026-01-29 10:50:40.843 DEBUG l.s.StandardServiceLocator - Loaded liquibase.sqlgenerator.SqlGenerator instance liquibase.sqlgenerator.core.DropProcedureGenerator
2026-01-29 10:50:40.843 DEBUG l.s.StandardServiceLocator - Loaded liquibase.sqlgenerator.SqlGenerator instance liquibase.sqlgenerator.core.DropSequenceGenerator
2026-01-29 10:50:40.843 DEBUG l.s.StandardServiceLocator - Loaded liquibase.sqlgenerator.SqlGenerator instance liquibase.sqlgenerator.core.DropTableGenerator
2026-01-29 10:50:40.843 DEBUG l.s.StandardServiceLocator - Loaded liquibase.sqlgenerator.SqlGenerator instance liquibase.sqlgenerator.core.DropUniqueConstraintGenerator
2026-01-29 10:50:40.843 DEBUG l.s.StandardServiceLocator - Loaded liquibase.sqlgenerator.SqlGenerator instance liquibase.sqlgenerator.core.DropViewGenerator
2026-01-29 10:50:40.843 DEBUG l.s.StandardServiceLocator - Loaded liquibase.sqlgenerator.SqlGenerator instance liquibase.sqlgenerator.core.GetNextChangeSetSequenceValueGenerator
2026-01-29 10:50:40.843 DEBUG l.s.StandardServiceLocator - Loaded liquibase.sqlgenerator.SqlGenerator instance liquibase.sqlgenerator.core.GetViewDefinitionGenerator
2026-01-29 10:50:40.843 DEBUG l.s.StandardServiceLocator - Loaded liquibase.sqlgenerator.SqlGenerator instance liquibase.sqlgenerator.core.GetViewDefinitionGeneratorDB2
2026-01-29 10:50:40.843 DEBUG l.s.StandardServiceLocator - Loaded liquibase.sqlgenerator.SqlGenerator instance liquibase.sqlgenerator.core.GetViewDefinitionGeneratorDerby
2026-01-29 10:50:40.843 DEBUG l.s.StandardServiceLocator - Loaded liquibase.sqlgenerator.SqlGenerator instance liquibase.sqlgenerator.core.GetViewDefinitionGeneratorFirebird
2026-01-29 10:50:40.844 DEBUG l.s.StandardServiceLocator - Loaded liquibase.sqlgenerator.SqlGenerator instance liquibase.sqlgenerator.core.GetViewDefinitionGeneratorHsql
2026-01-29 10:50:40.844 DEBUG l.s.StandardServiceLocator - Loaded liquibase.sqlgenerator.SqlGenerator instance liquibase.sqlgenerator.core.GetViewDefinitionGeneratorInformix
2026-01-29 10:50:40.844 DEBUG l.s.StandardServiceLocator - Loaded liquibase.sqlgenerator.SqlGenerator instance liquibase.sqlgenerator.core.GetViewDefinitionGeneratorMSSQL
2026-01-29 10:50:40.845 DEBUG l.s.StandardServiceLocator - Loaded liquibase.sqlgenerator.SqlGenerator instance liquibase.sqlgenerator.core.GetViewDefinitionGeneratorOracle
2026-01-29 10:50:40.845 DEBUG l.s.StandardServiceLocator - Loaded liquibase.sqlgenerator.SqlGenerator instance liquibase.sqlgenerator.core.GetViewDefinitionGeneratorPostgres
2026-01-29 10:50:40.846 DEBUG l.s.StandardServiceLocator - Loaded liquibase.sqlgenerator.SqlGenerator instance liquibase.sqlgenerator.core.GetViewDefinitionGeneratorSybase
2026-01-29 10:50:40.846 DEBUG l.s.StandardServiceLocator - Loaded liquibase.sqlgenerator.SqlGenerator instance liquibase.sqlgenerator.core.GetViewDefinitionGeneratorSybaseASA
2026-01-29 10:50:40.846 DEBUG l.s.StandardServiceLocator - Loaded liquibase.sqlgenerator.SqlGenerator instance liquibase.sqlgenerator.core.InitializeDatabaseChangeLogLockTableGenerator
2026-01-29 10:50:40.846 DEBUG l.s.StandardServiceLocator - Loaded liquibase.sqlgenerator.SqlGenerator instance liquibase.sqlgenerator.core.InsertDataChangeGenerator
2026-01-29 10:50:40.846 DEBUG l.s.StandardServiceLocator - Loaded liquibase.sqlgenerator.SqlGenerator instance liquibase.sqlgenerator.core.InsertGenerator
2026-01-29 10:50:40.846 DEBUG l.s.StandardServiceLocator - Loaded liquibase.sqlgenerator.SqlGenerator instance liquibase.sqlgenerator.core.InsertOrUpdateGeneratorDB2
2026-01-29 10:50:40.847 DEBUG l.s.StandardServiceLocator - Loaded liquibase.sqlgenerator.SqlGenerator instance liquibase.sqlgenerator.core.InsertOrUpdateGeneratorH2
2026-01-29 10:50:40.847 DEBUG l.s.StandardServiceLocator - Loaded liquibase.sqlgenerator.SqlGenerator instance liquibase.sqlgenerator.core.InsertOrUpdateGeneratorHsql
2026-01-29 10:50:40.847 DEBUG l.s.StandardServiceLocator - Loaded liquibase.sqlgenerator.SqlGenerator instance liquibase.sqlgenerator.core.InsertOrUpdateGeneratorInformix
2026-01-29 10:50:40.847 DEBUG l.s.StandardServiceLocator - Loaded liquibase.sqlgenerator.SqlGenerator instance liquibase.sqlgenerator.core.InsertOrUpdateGeneratorMSSQL
2026-01-29 10:50:40.847 DEBUG l.s.StandardServiceLocator - Loaded liquibase.sqlgenerator.SqlGenerator instance liquibase.sqlgenerator.core.InsertOrUpdateGeneratorMySQL
2026-01-29 10:50:40.847 DEBUG l.s.StandardServiceLocator - Loaded liquibase.sqlgenerator.SqlGenerator instance liquibase.sqlgenerator.core.InsertOrUpdateGeneratorOracle
2026-01-29 10:50:40.847 DEBUG l.s.StandardServiceLocator - Loaded liquibase.sqlgenerator.SqlGenerator instance liquibase.sqlgenerator.core.InsertOrUpdateGeneratorPostgres
2026-01-29 10:50:40.847 DEBUG l.s.StandardServiceLocator - Loaded liquibase.sqlgenerator.SqlGenerator instance liquibase.sqlgenerator.core.InsertOrUpdateGeneratorSQLite
2026-01-29 10:50:40.847 DEBUG l.s.StandardServiceLocator - Loaded liquibase.sqlgenerator.SqlGenerator instance liquibase.sqlgenerator.core.InsertOrUpdateGeneratorSybaseASA
2026-01-29 10:50:40.847 DEBUG l.s.StandardServiceLocator - Loaded liquibase.sqlgenerator.SqlGenerator instance liquibase.sqlgenerator.core.InsertSetGenerator
2026-01-29 10:50:40.848 DEBUG l.s.StandardServiceLocator - Loaded liquibase.sqlgenerator.SqlGenerator instance liquibase.sqlgenerator.core.LockDatabaseChangeLogGenerator
2026-01-29 10:50:40.848 DEBUG l.s.StandardServiceLocator - Loaded liquibase.sqlgenerator.SqlGenerator instance liquibase.sqlgenerator.core.MarkChangeSetRanGenerator
2026-01-29 10:50:40.848 DEBUG l.s.StandardServiceLocator - Loaded liquibase.sqlgenerator.SqlGenerator instance liquibase.sqlgenerator.core.ModifyDataTypeGenerator
2026-01-29 10:50:40.848 DEBUG l.s.StandardServiceLocator - Loaded liquibase.sqlgenerator.SqlGenerator instance liquibase.sqlgenerator.core.RawParameterizedSqlGenerator
2026-01-29 10:50:40.848 DEBUG l.s.StandardServiceLocator - Loaded liquibase.sqlgenerator.SqlGenerator instance liquibase.sqlgenerator.core.RawSqlGenerator
2026-01-29 10:50:40.848 DEBUG l.s.StandardServiceLocator - Loaded liquibase.sqlgenerator.SqlGenerator instance liquibase.sqlgenerator.core.ReindexGeneratorSQLite
2026-01-29 10:50:40.848 DEBUG l.s.StandardServiceLocator - Loaded liquibase.sqlgenerator.SqlGenerator instance liquibase.sqlgenerator.core.RemoveChangeSetRanStatusGenerator
2026-01-29 10:50:40.848 DEBUG l.s.StandardServiceLocator - Loaded liquibase.sqlgenerator.SqlGenerator instance liquibase.sqlgenerator.core.RenameColumnGenerator
2026-01-29 10:50:40.848 DEBUG l.s.StandardServiceLocator - Loaded liquibase.sqlgenerator.SqlGenerator instance liquibase.sqlgenerator.core.RenameSequenceGenerator
2026-01-29 10:50:40.849 DEBUG l.s.StandardServiceLocator - Loaded liquibase.sqlgenerator.SqlGenerator instance liquibase.sqlgenerator.core.RenameTableGenerator
2026-01-29 10:50:40.849 DEBUG l.s.StandardServiceLocator - Loaded liquibase.sqlgenerator.SqlGenerator instance liquibase.sqlgenerator.core.RenameViewGenerator
2026-01-29 10:50:40.849 DEBUG l.s.StandardServiceLocator - Loaded liquibase.sqlgenerator.SqlGenerator instance liquibase.sqlgenerator.core.ReorganizeTableGeneratorDB2
2026-01-29 10:50:40.849 DEBUG l.s.StandardServiceLocator - Loaded liquibase.sqlgenerator.SqlGenerator instance liquibase.sqlgenerator.core.RuntimeGenerator
2026-01-29 10:50:40.849 DEBUG l.s.StandardServiceLocator - Loaded liquibase.sqlgenerator.SqlGenerator instance liquibase.sqlgenerator.core.SelectFromDatabaseChangeLogGenerator
2026-01-29 10:50:40.849 DEBUG l.s.StandardServiceLocator - Loaded liquibase.sqlgenerator.SqlGenerator instance liquibase.sqlgenerator.core.SelectFromDatabaseChangeLogLockGenerator
2026-01-29 10:50:40.849 DEBUG l.s.StandardServiceLocator - Loaded liquibase.sqlgenerator.SqlGenerator instance liquibase.sqlgenerator.core.SetColumnRemarksGenerator
2026-01-29 10:50:40.850 DEBUG l.s.StandardServiceLocator - Loaded liquibase.sqlgenerator.SqlGenerator instance liquibase.sqlgenerator.core.SetNullableGenerator
2026-01-29 10:50:40.850 DEBUG l.s.StandardServiceLocator - Loaded liquibase.sqlgenerator.SqlGenerator instance liquibase.sqlgenerator.core.SetTableRemarksGenerator
2026-01-29 10:50:40.850 DEBUG l.s.StandardServiceLocator - Loaded liquibase.sqlgenerator.SqlGenerator instance liquibase.sqlgenerator.core.SetViewRemarksGenerator
2026-01-29 10:50:40.850 DEBUG l.s.StandardServiceLocator - Loaded liquibase.sqlgenerator.SqlGenerator instance liquibase.sqlgenerator.core.StoredProcedureGenerator
2026-01-29 10:50:40.850 DEBUG l.s.StandardServiceLocator - Loaded liquibase.sqlgenerator.SqlGenerator instance liquibase.sqlgenerator.core.TableIsEmptyGenerator
2026-01-29 10:50:40.850 DEBUG l.s.StandardServiceLocator - Loaded liquibase.sqlgenerator.SqlGenerator instance liquibase.sqlgenerator.core.TableRowCountGenerator
2026-01-29 10:50:40.850 DEBUG l.s.StandardServiceLocator - Loaded liquibase.sqlgenerator.SqlGenerator instance liquibase.sqlgenerator.core.TagDatabaseGenerator
2026-01-29 10:50:40.850 DEBUG l.s.StandardServiceLocator - Loaded liquibase.sqlgenerator.SqlGenerator instance liquibase.sqlgenerator.core.UnlockDatabaseChangeLogGenerator
2026-01-29 10:50:40.851 DEBUG l.s.StandardServiceLocator - Loaded liquibase.sqlgenerator.SqlGenerator instance liquibase.sqlgenerator.core.UpdateChangeSetChecksumGenerator
2026-01-29 10:50:40.851 DEBUG l.s.StandardServiceLocator - Loaded liquibase.sqlgenerator.SqlGenerator instance liquibase.sqlgenerator.core.UpdateChangeSetFilenameGenerator
2026-01-29 10:50:40.851 DEBUG l.s.StandardServiceLocator - Loaded liquibase.sqlgenerator.SqlGenerator instance liquibase.sqlgenerator.core.UpdateDataChangeGenerator
2026-01-29 10:50:40.851 DEBUG l.s.StandardServiceLocator - Loaded liquibase.sqlgenerator.SqlGenerator instance liquibase.sqlgenerator.core.UpdateGenerator
2026-01-29 10:50:40.851 DEBUG l.s.StandardServiceLocator - Loaded liquibase.sqlgenerator.SqlGenerator instance liquibase.sqlgenerator.core.CreateSequenceGeneratorSnowflake
2026-01-29 10:50:40.852 DEBUG l.s.StandardServiceLocator - Loaded liquibase.sqlgenerator.SqlGenerator instance liquibase.sqlgenerator.core.DropDefaultValueGeneratorSnowflake
2026-01-29 10:50:40.852 DEBUG l.s.StandardServiceLocator - Loaded liquibase.sqlgenerator.SqlGenerator instance liquibase.sqlgenerator.core.DropProcedureGeneratorSnowflake
2026-01-29 10:50:40.852 DEBUG l.s.StandardServiceLocator - Loaded liquibase.sqlgenerator.SqlGenerator instance liquibase.sqlgenerator.core.InsertOrUpdateGeneratorSnowflake
2026-01-29 10:50:40.853 DEBUG l.s.StandardServiceLocator - Loaded liquibase.sqlgenerator.SqlGenerator instance liquibase.sqlgenerator.core.RenameTableGeneratorSnowflake
2026-01-29 10:50:40.853 DEBUG l.s.StandardServiceLocator - Loaded liquibase.sqlgenerator.SqlGenerator instance liquibase.sqlgenerator.core.RenameViewGeneratorSnowflake
2026-01-29 10:50:40.853 DEBUG l.s.StandardServiceLocator - Loaded liquibase.sqlgenerator.SqlGenerator instance liquibase.sqlgenerator.core.SetColumnRemarksGeneratorSnowflake
2026-01-29 10:50:40.854 DEBUG l.s.StandardServiceLocator - Loaded liquibase.sqlgenerator.SqlGenerator instance liquibase.sqlgenerator.core.SetTableRemarksGeneratorSnowflake
2026-01-29 10:50:40.854 DEBUG l.s.StandardServiceLocator - Loaded liquibase.sqlgenerator.SqlGenerator instance liquibase.sqlgenerator.core.GetViewDefinitionGeneratorSnowflake
2026-01-29 10:50:40.875 DEBUG l.e.jvm.ChangelogJdbcMdcListener - Changelog query completed.
2026-01-29 10:50:40.878 INFO  l.c.StandardChangeLogHistoryService - Reading from upgradedemo.DATABASECHANGELOG
2026-01-29 10:50:40.882 DEBUG l.e.jvm.ChangelogJdbcMdcListener - Changelog query completed.
2026-01-29 10:50:40.884 DEBUG l.parser.ChangeLogParserFactory - Matched file 'changeset2.sql' to parser 'FormattedSqlChangeLogParser'
2026-01-29 10:50:40.886 DEBUG l.p.c.f.FormattedSqlChangeLogParser - Matched attribute 'logicalFilePath' = 'changeset2.sql'
2026-01-29 10:50:40.886 DEBUG l.p.AbstractFormattedChangeLogParser - Matched attribute 'changeSetID' = 'changeset2.sql'
2026-01-29 10:50:40.886 DEBUG l.p.AbstractFormattedChangeLogParser - Matched attribute 'changeSetAuthor' = 'scott'
2026-01-29 10:50:40.886 DEBUG l.p.c.f.FormattedSqlChangeLogParser - Matched attribute 'splitStatements' = 'true'
2026-01-29 10:50:40.886 DEBUG l.p.c.f.FormattedSqlChangeLogParser - Matched attribute 'stripComments' = 'false'
2026-01-29 10:50:40.892 DEBUG l.c.LiquibaseConfiguration - Found 'liquibase.command.update.updateNullChecksums' configuration of 'true'
    command argument 'updateNullChecksums' of 'true'
2026-01-29 10:50:40.895 DEBUG l.s.StandardServiceLocator - Loaded liquibase.lockservice.LockService instance liquibase.lockservice.LockServiceImpl
2026-01-29 10:50:40.895 DEBUG l.s.StandardServiceLocator - Loaded liquibase.lockservice.LockService instance liquibase.lockservice.MockLockService
2026-01-29 10:50:40.896 DEBUG l.s.StandardServiceLocator - Loaded liquibase.lockservice.LockService instance liquibase.lockservice.OfflineLockService
2026-01-29 10:50:40.896 DEBUG l.s.StandardServiceLocator - Loaded liquibase.lockservice.LockService instance liquibase.lockservice.StandardLockService
2026-01-29 10:50:40.905 DEBUG l.e.jvm.ChangelogJdbcMdcListener - Changelog query completed.
2026-01-29 10:50:40.906 DEBUG l.c.LiquibaseConfiguration - No configuration value for liquibase.allowDuplicatedChangesetIdentifiers found
2026-01-29 10:50:40.907 DEBUG l.c.ConfigurationDefinition - Configuration liquibase.allowDuplicatedChangesetIdentifiers is using the default value of false
2026-01-29 10:50:40.908 DEBUG l.s.StandardServiceLocator - Loaded liquibase.changelog.visitor.ValidatingVisitorGenerator instance liquibase.changelog.visitor.StandardValidatingVisitorGenerator
2026-01-29 10:50:40.917 DEBUG liquibase.command.CommandScope - Executing internal command changeExecListener
2026-01-29 10:50:40.918 DEBUG liquibase.command.CommandScope - Executing internal command update migrate
2026-01-29 10:50:40.929 DEBUG l.c.LiquibaseConfiguration - No configuration value for liquibase.changelogLockWaitTimeInMinutes aka liquibase.changeLogLockWaitTimeInMinutes found
2026-01-29 10:50:40.930 DEBUG l.c.ConfigurationDefinition - Configuration liquibase.changelogLockWaitTimeInMinutes is using the default value of 5
2026-01-29 10:50:40.934 DEBUG l.e.jvm.ChangelogJdbcMdcListener - Changelog query completed.
2026-01-29 10:50:40.938 DEBUG l.e.jvm.ChangelogJdbcMdcListener - Changelog query completed.
2026-01-29 10:50:40.939 DEBUG liquibase.executor.jvm.JdbcExecutor - Lock Database
2026-01-29 10:50:40.945 DEBUG l.s.StandardServiceLocator - Loaded liquibase.datatype.LiquibaseDataType instance liquibase.datatype.core.BigIntType
2026-01-29 10:50:40.946 DEBUG l.s.StandardServiceLocator - Loaded liquibase.datatype.LiquibaseDataType instance liquibase.datatype.core.BlobType
2026-01-29 10:50:40.947 DEBUG l.s.StandardServiceLocator - Loaded liquibase.datatype.LiquibaseDataType instance liquibase.datatype.core.BooleanType
2026-01-29 10:50:40.947 DEBUG l.s.StandardServiceLocator - Loaded liquibase.datatype.LiquibaseDataType instance liquibase.datatype.core.CharType
2026-01-29 10:50:40.948 DEBUG l.s.StandardServiceLocator - Loaded liquibase.datatype.LiquibaseDataType instance liquibase.datatype.core.ClobType
2026-01-29 10:50:40.949 DEBUG l.s.StandardServiceLocator - Loaded liquibase.datatype.LiquibaseDataType instance liquibase.datatype.core.CurrencyType
2026-01-29 10:50:40.949 DEBUG l.s.StandardServiceLocator - Loaded liquibase.datatype.LiquibaseDataType instance liquibase.datatype.core.DatabaseFunctionType
2026-01-29 10:50:40.950 DEBUG l.s.StandardServiceLocator - Loaded liquibase.datatype.LiquibaseDataType instance liquibase.datatype.core.DateTimeType
2026-01-29 10:50:40.950 DEBUG l.s.StandardServiceLocator - Loaded liquibase.datatype.LiquibaseDataType instance liquibase.datatype.core.DateType
2026-01-29 10:50:40.951 DEBUG l.s.StandardServiceLocator - Loaded liquibase.datatype.LiquibaseDataType instance liquibase.datatype.core.DecimalType
2026-01-29 10:50:40.951 DEBUG l.s.StandardServiceLocator - Loaded liquibase.datatype.LiquibaseDataType instance liquibase.datatype.core.DoubleType
2026-01-29 10:50:40.951 DEBUG l.s.StandardServiceLocator - Loaded liquibase.datatype.LiquibaseDataType instance liquibase.datatype.core.FloatType
2026-01-29 10:50:40.953 DEBUG l.s.StandardServiceLocator - Loaded liquibase.datatype.LiquibaseDataType instance liquibase.datatype.core.IntType
2026-01-29 10:50:40.953 DEBUG l.s.StandardServiceLocator - Loaded liquibase.datatype.LiquibaseDataType instance liquibase.datatype.core.MediumIntType
2026-01-29 10:50:40.953 DEBUG l.s.StandardServiceLocator - Loaded liquibase.datatype.LiquibaseDataType instance liquibase.datatype.core.NCharType
2026-01-29 10:50:40.954 DEBUG l.s.StandardServiceLocator - Loaded liquibase.datatype.LiquibaseDataType instance liquibase.datatype.core.NVarcharType
2026-01-29 10:50:40.954 DEBUG l.s.StandardServiceLocator - Loaded liquibase.datatype.LiquibaseDataType instance liquibase.datatype.core.NumberType
2026-01-29 10:50:40.954 DEBUG l.s.StandardServiceLocator - Loaded liquibase.datatype.LiquibaseDataType instance liquibase.datatype.core.SmallIntType
2026-01-29 10:50:40.954 DEBUG l.s.StandardServiceLocator - Loaded liquibase.datatype.LiquibaseDataType instance liquibase.datatype.core.TimeType
2026-01-29 10:50:40.955 DEBUG l.s.StandardServiceLocator - Loaded liquibase.datatype.LiquibaseDataType instance liquibase.datatype.core.TimestampType
2026-01-29 10:50:40.955 DEBUG l.s.StandardServiceLocator - Loaded liquibase.datatype.LiquibaseDataType instance liquibase.datatype.core.TinyIntType
2026-01-29 10:50:40.955 DEBUG l.s.StandardServiceLocator - Loaded liquibase.datatype.LiquibaseDataType instance liquibase.datatype.core.UUIDType
2026-01-29 10:50:40.955 DEBUG l.s.StandardServiceLocator - Loaded liquibase.datatype.LiquibaseDataType instance liquibase.datatype.core.UnknownType
2026-01-29 10:50:40.955 DEBUG l.s.StandardServiceLocator - Loaded liquibase.datatype.LiquibaseDataType instance liquibase.datatype.core.VarcharType
2026-01-29 10:50:40.955 DEBUG l.s.StandardServiceLocator - Loaded liquibase.datatype.LiquibaseDataType instance liquibase.datatype.core.XMLType
2026-01-29 10:50:40.956 DEBUG l.s.StandardServiceLocator - Loaded liquibase.datatype.LiquibaseDataType instance liquibase.datatype.core.TextDataTypeSnowflake
2026-01-29 10:50:40.956 DEBUG l.s.StandardServiceLocator - Loaded liquibase.datatype.LiquibaseDataType instance liquibase.datatype.core.TimestampNTZTypeSnowflake
2026-01-29 10:50:40.956 DEBUG l.s.StandardServiceLocator - Loaded liquibase.datatype.LiquibaseDataType instance liquibase.datatype.core.DoubleDataTypeSnowflake
2026-01-29 10:50:40.956 DEBUG l.s.StandardServiceLocator - Loaded liquibase.datatype.LiquibaseDataType instance liquibase.datatype.core.BinaryTypeSnowflake
2026-01-29 10:50:40.956 DEBUG l.s.StandardServiceLocator - Loaded liquibase.datatype.LiquibaseDataType instance liquibase.datatype.core.ClobTypeSnowflake
2026-01-29 10:50:40.956 DEBUG l.s.StandardServiceLocator - Loaded liquibase.datatype.LiquibaseDataType instance liquibase.datatype.core.DateTypeSnowflake
2026-01-29 10:50:40.956 DEBUG l.s.StandardServiceLocator - Loaded liquibase.datatype.LiquibaseDataType instance liquibase.datatype.core.TimeTypeSnowflake
2026-01-29 10:50:40.956 DEBUG l.s.StandardServiceLocator - Loaded liquibase.datatype.LiquibaseDataType instance liquibase.datatype.core.TimestampTypeSnowflake
2026-01-29 10:50:40.958 DEBUG l.c.LiquibaseConfiguration - No configuration value for liquibase.workaroundOracleClobCharacterLimit found
2026-01-29 10:50:40.958 DEBUG l.c.ConfigurationDefinition - Configuration liquibase.workaroundOracleClobCharacterLimit is using the default value of true
2026-01-29 10:50:40.962 DEBUG l.e.jvm.ChangelogJdbcMdcListener - Changelog query completed.
2026-01-29 10:50:40.963 INFO  l.lockservice.StandardLockService - Successfully acquired change log lock
2026-01-29 10:50:40.965 INFO  l.command.core.UpdateCommandStep - Using deploymentId: 9701840051
2026-01-29 10:50:40.967 INFO  l.c.StandardChangeLogHistoryService - Reading from upgradedemo.DATABASECHANGELOG
2026-01-29 10:50:40.971 DEBUG l.e.jvm.ChangelogJdbcMdcListener - Changelog query completed.
2026-01-29 10:50:40.976 DEBUG liquibase.util.MD5Util - Computed checksum for inputStream as 811cc87f4dab92bacc248490655c3675
2026-01-29 10:50:40.979 DEBUG liquibase.util.MD5Util - Computed checksum for 9:811cc87f4dab92bacc248490655c3675: as ed1eaa6420d68cdcdef40d1e1e6424ca
2026-01-29 10:50:41.004 DEBUG liquibase.util.MD5Util - Computed checksum for inputStream as 1d6c1cb525fc394ea6b30abd9fe86985
2026-01-29 10:50:41.004 DEBUG liquibase.util.MD5Util - Computed checksum for 9:1d6c1cb525fc394ea6b30abd9fe86985: as 87a1a9a49940296ed1ce68a467959bc6
2026-01-29 10:50:41.005 DEBUG liquibase.util.MD5Util - Computed checksum for inputStream as 811cc87f4dab92bacc248490655c3675
2026-01-29 10:50:41.006 DEBUG liquibase.util.MD5Util - Computed checksum for 9:811cc87f4dab92bacc248490655c3675: as ed1eaa6420d68cdcdef40d1e1e6424ca
Running Changeset: changeset.sql::changeset.sql::scott
2026-01-29 10:50:41.006 DEBUG l.changelog.visitor.UpdateVisitor - Running Changeset: changeset.sql::changeset.sql::scott
2026-01-29 10:50:41.006 DEBUG liquibase.executor.jvm.JdbcExecutor - Changeset changeset.sql::changeset.sql::scott
2026-01-29 10:50:41.008 DEBUG liquibase.changelog.ChangeSet - Reading ChangeSet: changeset.sql::changeset.sql::scott
2026-01-29 10:50:41.010 DEBUG l.s.StandardServiceLocator - Loaded liquibase.parser.LiquibaseSqlParser instance liquibase.util.StandardSqlParser
2026-01-29 10:50:41.016 DEBUG liquibase.executor.jvm.JdbcExecutor - Executing Statement: 
-- **** *********************************************************
-- insert into scott bonus new values for CIO
-- **** *********************************************************
  insert into scott.bonus ( ename, job, sal, comm)
  values (  'ME', 'CIO', 100000, 10000 );
2026-01-29 10:50:41.017 DEBUG l.c.LiquibaseConfiguration - No configuration value for liquibase.sql.logLevel found
2026-01-29 10:50:41.017 DEBUG l.c.ConfigurationDefinition - Configuration liquibase.sql.logLevel is using the default value of FINE
2026-01-29 10:50:41.017 DEBUG l.e.j.JdbcExecutor$ExecuteStatementCallback - 
-- **** *********************************************************
-- insert into scott bonus new values for CIO
-- **** *********************************************************
  insert into scott.bonus ( ename, job, sal, comm)
  values (  'ME', 'CIO', 100000, 10000 )
2026-01-29 10:50:41.024 INFO  liquibase.changelog.ChangeSet - Custom SQL executed
2026-01-29 10:50:41.032 INFO  liquibase.changelog.ChangeSet - ChangeSet changeset.sql::changeset.sql::scott ran successfully in 25ms
2026-01-29 10:50:41.037 DEBUG l.e.jvm.ChangelogJdbcMdcListener - Changelog query completed.
2026-01-29 10:50:41.041 DEBUG l.e.j.JdbcExecutor$ExecuteStatementCallback - 
INSERT INTO upgradedemo.DATABASECHANGELOG (ID, AUTHOR, FILENAME, DATEEXECUTED, ORDEREXECUTED, MD5SUM, DESCRIPTION, COMMENTS, EXECTYPE, CONTEXTS, LABELS, LIQUIBASE, DEPLOYMENT_ID) VALUES ('changeset.sql', 'scott', 'changeset.sql', SYSTIMESTAMP, 1, '9:ed1eaa6420d68cdcdef40d1e1e6424ca', 'sql', '', 'EXECUTED', NULL, NULL, '5.0.1', '9701840051')
2026-01-29 10:50:41.052 DEBUG l.e.j.JdbcExecutor$ExecuteStatementCallback - 1 row(s) affected
2026-01-29 10:50:41.053 DEBUG l.e.jvm.ChangelogJdbcMdcListener - Changelog query completed.
2026-01-29 10:50:41.057 DEBUG liquibase.util.MD5Util - Computed checksum for inputStream as 1d6c1cb525fc394ea6b30abd9fe86985
2026-01-29 10:50:41.057 DEBUG liquibase.util.MD5Util - Computed checksum for 9:1d6c1cb525fc394ea6b30abd9fe86985: as 87a1a9a49940296ed1ce68a467959bc6
Running Changeset: changeset2.sql::changeset2.sql::scott
2026-01-29 10:50:41.057 DEBUG l.changelog.visitor.UpdateVisitor - Running Changeset: changeset2.sql::changeset2.sql::scott
2026-01-29 10:50:41.058 DEBUG liquibase.executor.jvm.JdbcExecutor - Changeset changeset2.sql::changeset2.sql::scott
2026-01-29 10:50:41.058 DEBUG liquibase.changelog.ChangeSet - Reading ChangeSet: changeset2.sql::changeset2.sql::scott
2026-01-29 10:50:41.059 DEBUG liquibase.executor.jvm.JdbcExecutor - Executing Statement: 
-- **** *********************************************************
-- insert into scott bonus new values with parameters
-- **** *********************************************************
insert into scott.bonus ( ename, job, sal, comm)
values (  'YOURNAME', 'CHIEF', 100000, 10000 );
2026-01-29 10:50:41.059 DEBUG l.e.j.JdbcExecutor$ExecuteStatementCallback - 
-- **** *********************************************************
-- insert into scott bonus new values with parameters
-- **** *********************************************************
insert into scott.bonus ( ename, job, sal, comm)
values (  'YOURNAME', 'CHIEF', 100000, 10000 )
2026-01-29 10:50:41.061 INFO  liquibase.changelog.ChangeSet - Custom SQL executed
2026-01-29 10:50:41.062 INFO  liquibase.changelog.ChangeSet - ChangeSet changeset2.sql::changeset2.sql::scott ran successfully in 4ms
2026-01-29 10:50:41.063 DEBUG l.e.j.JdbcExecutor$ExecuteStatementCallback - 
INSERT INTO upgradedemo.DATABASECHANGELOG (ID, AUTHOR, FILENAME, DATEEXECUTED, ORDEREXECUTED, MD5SUM, DESCRIPTION, COMMENTS, EXECTYPE, CONTEXTS, LABELS, LIQUIBASE, DEPLOYMENT_ID) VALUES ('changeset2.sql', 'scott', 'changeset2.sql', SYSTIMESTAMP, 2, '9:87a1a9a49940296ed1ce68a467959bc6', 'sql', '', 'EXECUTED', NULL, NULL, '5.0.1', '9701840051')
2026-01-29 10:50:41.067 DEBUG l.e.j.JdbcExecutor$ExecuteStatementCallback - 1 row(s) affected
2026-01-29 10:50:41.067 DEBUG l.e.jvm.ChangelogJdbcMdcListener - Changelog query completed.
2026-01-29 10:50:41.074 DEBUG l.s.StandardServiceLocator - Loaded liquibase.report.ShowSummaryGenerator instance liquibase.report.StandardShowSummaryGenerator
2026-01-29 10:50:41.077 INFO  liquibase.util.ShowSummaryUtil - UPDATE SUMMARY
2026-01-29 10:50:41.078 INFO  liquibase.util.ShowSummaryUtil - Run:                          2
2026-01-29 10:50:41.078 INFO  liquibase.util.ShowSummaryUtil - Previously run:               0
2026-01-29 10:50:41.078 INFO  liquibase.util.ShowSummaryUtil - Filtered out:                 0
2026-01-29 10:50:41.078 INFO  liquibase.util.ShowSummaryUtil - -------------------------------
2026-01-29 10:50:41.078 INFO  liquibase.util.ShowSummaryUtil - Total change sets:            2
2026-01-29 10:50:41.078 INFO  liquibase.util.ShowSummaryUtil - Update summary generated
2026-01-29 10:50:41.080 INFO  l.command.core.UpdateCommandStep - Update command completed successfully.
Liquibase: Update has been successful. Rows affected: 2
2026-01-29 10:50:41.080 DEBUG liquibase.executor.jvm.JdbcExecutor - Release Database Lock
2026-01-29 10:50:41.087 DEBUG l.e.jvm.ChangelogJdbcMdcListener - Changelog query completed.
2026-01-29 10:50:41.089 INFO  l.lockservice.StandardLockService - Successfully released change log lock
2026-01-29 10:50:41.092 INFO  liquibase.command.CommandScope - Command execution complete
2026-01-29 10:50:41.093 DEBUG l.s.StandardServiceLocator - Loaded liquibase.analytics.AnalyticsListener instance liquibase.analytics.NoOpAnalyticsListener
2026-01-29 10:50:41.093 DEBUG l.s.StandardServiceLocator - Loaded liquibase.analytics.AnalyticsListener instance liquibase.analytics.LiquibaseAnalyticsListener
2026-01-29 10:50:41.094 DEBUG l.c.LiquibaseConfiguration - No configuration value for liquibase.analytics.devOverride found
2026-01-29 10:50:41.094 DEBUG l.c.ConfigurationDefinition - Configuration liquibase.analytics.devOverride is using the default value of false
2026-01-29 10:50:41.094 DEBUG l.c.LiquibaseConfiguration - No configuration value for liquibase.analytics.configEndpointUrl found
2026-01-29 10:50:41.094 DEBUG l.c.ConfigurationDefinition - Configuration liquibase.analytics.configEndpointUrl is using the default value of https://config.liquibase.com/analytics.yaml
2026-01-29 10:50:41.094 DEBUG l.c.LiquibaseConfiguration - No configuration value for liquibase.analytics.enabled found
2026-01-29 10:50:41.097 DEBUG l.c.LiquibaseConfiguration - No configuration value for liquibase.analytics.configCacheTimeoutMillis found
2026-01-29 10:50:41.097 DEBUG l.c.ConfigurationDefinition - Configuration liquibase.analytics.configCacheTimeoutMillis is using the default value of 3600000
2026-01-29 10:50:41.097 DEBUG l.s.StandardServiceLocator - Loaded liquibase.analytics.configuration.AnalyticsConfiguration instance liquibase.analytics.configuration.LiquibaseRemoteAnalyticsConfiguration
2026-01-29 10:50:41.097 DEBUG l.c.LiquibaseConfiguration - No configuration value for liquibase.analytics.logLevel found
2026-01-29 10:50:41.097 DEBUG l.c.ConfigurationDefinition - Configuration liquibase.analytics.logLevel is using the default value of OFF
2026-01-29 10:50:41.157 DEBUG l.c.LiquibaseConfiguration - No configuration value for liquibase.analytics.configEndpointTimeoutMillis found
2026-01-29 10:50:41.157 DEBUG l.c.ConfigurationDefinition - Configuration liquibase.analytics.configEndpointTimeoutMillis is using the default value of 1500
2026-01-29 10:50:41.543 ERROR l.a.configuration.AnalyticsArgs - Analytics is disabled, because it was turned off by Liquibase.
2026-01-29 10:50:41.543 DEBUG LiquibaseScopeExample - Complete the test
2026-01-29 10:50:41.545 DEBUG DatabaseUtility - Found the changeset in the databasechangelog changeset2.sql
2026-01-29 10:50:41.547 DEBUG DatabaseUtility - Found the job in bonus CHIEF
Found results? true Job=CHIEF ChangesetId=changeset2.sql
2026-01-29 10:50:41.549 DEBUG DatabaseUtility - Found the changeset in the databasechangelog changeset2.sql
2026-01-29 10:50:41.550 DEBUG DatabaseUtility - Found the job in bonus CIO
Found results? true Job=CIO ChangesetId=changeset2.sql
SUCCESS
Start time is 2026-01-29 10:50:40:056
Total time to run is 0 days, 0 hours, 0 minutes, 1 seconds

Deprecated Gradle features were used in this build, making it incompatible with Gradle 9.0.

You can use '--warning-mode all' to show the individual deprecation warnings and determine if they come from your own scripts or plugins.

For more on this, please refer to https://docs.gradle.org/8.5/userguide/command_line_interface.html#sec:command_line_warnings in the Gradle documentation.

BUILD SUCCESSFUL in 2s
3 actionable tasks: 1 executed, 2 up-to-date
